3,82c3,82
< 0.670108731075782
< 0.886650102743412
< 0.223907392689683
< 0.887399023491003
< 0.0865560384717236
< 0.903883598660134
< 0.319263739156661
< 0.339931673649658
< 0.514086488310223
< 0.945039740437313
< 0.0722845530573347
< 0.332701014394423
< 0.846288336182231
< 0.376332670910763
< 0.205621359995104
< 0.411442685619262
< 0.339646634971252
< 0.908119403737534
< 0.771170291731172
< 0.487475835881752
< 0.952095483367411
< 0.475103584936355
< 0.0549235783132771
< 0.268960213509828
< 0.420214965967999
< 0.168840341316317
< 0.939056628053231
< 0.767686011187752
< 0.291705171191772
< 0.594329076453834
< 0.723177540493832
< 0.940511202063565
< 0.857299876398798
< 0.532816829429993
< 0.770122810870156
< 0.567584115998731
< 0.591310543691797
< 0.121929457366341
< 0.128213910551628
< 0.557756059494897
< 0.270855452004628
< 0.0219059956470551
< 0.715486201333215
< 0.0135349787252742
< 0.559464406995679
< 0.539660288057846
< 0.969671435262033
< 0.462088237289776
< 0.0731703358374096
< 0.544269226508383
< 0.849352358379594
< 1.00621675829766
< 0.407553949755172
< 0.314671795271502
< 0.879965618628223
< 0.211186375654126
< 0.61931626913271
< 0.399097590632581
< 0.0447852634072871
< 0.337440648871498
< 0.25940457906585
< 0.68638324575822
< 0.969178397960666
< 0.276604914819985
< 0.81738530318406
< 0.0183961163002456
< 0.547564735286268
< 0.0756450954885097
< 0.918383222117917
< 0.75229352500027
< 0.666072195459837
< 0.816948479931376
< 0.630967448721246
< 0.971897819259793
< 0.702455171302549
< 0.919898319301769
< 0.509970508112408
< 0.125723124575705
< 0.574732449727469
< 0.186305921981974
---
> 0.653773427009583
> 0.911059737205505
> 0.231538057327271
> 0.900291085243225
> 0.0932793319225311
> 0.897777795791626
> 0.32398995757103
> 0.35219007730484
> 0.532191693782806
> 0.939397215843201
> 0.0952998921275139
> 0.325698643922806
> 0.841761887073517
> 0.3607277572155
> 0.199556142091751
> 0.400227546691895
> 0.327050626277924
> 0.904461741447449
> 0.781807839870453
> 0.48123362660408
> 0.943203628063202
> 0.476162999868393
> 0.0636302009224892
> 0.271303713321686
> 0.414549976587296
> 0.184433922171593
> 0.936569213867188
> 0.779007375240326
> 0.309954911470413
> 0.591201901435852
> 0.732712864875793
> 0.939327895641327
> 0.857244729995728
> 0.544342875480652
> 0.772730827331543
> 0.564784109592438
> 0.603471159934998
> 0.121760994195938
> 0.130679249763489
> 0.559423863887787
> 0.268283814191818
> 0.0111957276239991
> 0.711483120918274
> 0.00501853134483099
> 0.556919574737549
> 0.539937436580658
> 0.952858567237854
> 0.470703125
> 0.0784296467900276
> 0.555633962154388
> 0.848575055599213
> 1.000861287117
> 0.408225357532501
> 0.300296694040298
> 0.86428701877594
> 0.229382202029228
> 0.62375009059906
> 0.399918586015701
> 0.0533064194023609
> 0.328726083040237
> 0.261380851268768
> 0.682431578636169
> 0.97884327173233
> 0.274540364742279
> 0.802458822727203
> 0.00238032476045191
> 0.538552105426788
> 0.0845735296607018
> 0.903685927391052
> 0.741396188735962
> 0.653233587741852
> 0.817551791667938
> 0.627667605876923
> 0.965467691421509
> 0.695407450199127
> 0.916041791439056
> 0.513200879096985
> 0.128474920988083
> 0.568519353866577
> 0.207750603556633
