3,82c3,82
< 0.670108731075782
< 0.886650102743412
< 0.223907392689683
< 0.887399023491003
< 0.0865560384717236
< 0.903883598660134
< 0.319263739156661
< 0.339931673649658
< 0.514086488310223
< 0.945039740437313
< 0.0722845530573347
< 0.332701014394423
< 0.846288336182231
< 0.376332670910763
< 0.205621359995104
< 0.411442685619262
< 0.339646634971252
< 0.908119403737534
< 0.771170291731172
< 0.487475835881752
< 0.952095483367411
< 0.475103584936355
< 0.0549235783132771
< 0.268960213509828
< 0.420214965967999
< 0.168840341316317
< 0.939056628053231
< 0.767686011187752
< 0.291705171191772
< 0.594329076453834
< 0.723177540493832
< 0.940511202063565
< 0.857299876398798
< 0.532816829429993
< 0.770122810870156
< 0.567584115998731
< 0.591310543691797
< 0.121929457366341
< 0.128213910551628
< 0.557756059494897
< 0.270855452004628
< 0.0219059956470551
< 0.715486201333215
< 0.0135349787252742
< 0.559464406995679
< 0.539660288057846
< 0.969671435262033
< 0.462088237289776
< 0.0731703358374096
< 0.544269226508383
< 0.849352358379594
< 1.00621675829766
< 0.407553949755172
< 0.314671795271502
< 0.879965618628223
< 0.211186375654126
< 0.61931626913271
< 0.399097590632581
< 0.0447852634072871
< 0.337440648871498
< 0.25940457906585
< 0.68638324575822
< 0.969178397960666
< 0.276604914819985
< 0.81738530318406
< 0.0183961163002456
< 0.547564735286268
< 0.0756450954885097
< 0.918383222117917
< 0.75229352500027
< 0.666072195459837
< 0.816948479931376
< 0.630967448721246
< 0.971897819259793
< 0.702455171302549
< 0.919898319301769
< 0.509970508112408
< 0.125723124575705
< 0.574732449727469
< 0.186305921981974
---
> 0.653457258884315
> 0.911765430797097
> 0.231938901346252
> 0.90059872697761
> 0.0936546162424024
> 0.897820185216068
> 0.324179066368324
> 0.352687598193245
> 0.532807676878651
> 0.939317355725255
> 0.0959185689644978
> 0.325873176908315
> 0.841685206283827
> 0.36062096394739
> 0.199770443501021
> 0.400299271325653
> 0.327175482124334
> 0.90443944474136
> 0.781904220363009
> 0.481362506499907
> 0.943070866341343
> 0.476459638817613
> 0.0637607033904901
> 0.271411403758444
> 0.414659966206558
> 0.185081773884696
> 0.936541494038794
> 0.779324834824276
> 0.310382822840941
> 0.591222358716035
> 0.733064527781786
> 0.939723435690959
> 0.857338099795807
> 0.544717294650505
> 0.773043783100933
> 0.564696166658761
> 0.603969590346296
> 0.121825177444096
> 0.130687796292531
> 0.559366146816825
> 0.268452065097566
> 0.0112196818454121
> 0.711620384301169
> 0.00478805497851544
> 0.557047649309726
> 0.540147123197797
> 0.952693959289649
> 0.471096161360281
> 0.0787015318872573
> 0.555930848482603
> 0.848786447567315
> 1.00052026763107
> 0.408332048339135
> 0.300250441103921
> 0.864084353046598
> 0.229885414247278
> 0.623944512195628
> 0.400290175584053
> 0.0535838538831023
> 0.32841990354693
> 0.261505878597401
> 0.682680995325426
> 0.979212150129897
> 0.274532049484437
> 0.802277173093898
> 0.00225495214867586
> 0.538354202796778
> 0.0850866164264523
> 0.903625279291572
> 0.741316687533362
> 0.652928642493994
> 0.817879795794097
> 0.627550658902265
> 0.965447963076234
> 0.695250284309469
> 0.916027296425522
> 0.513509605408982
> 0.128759564568253
> 0.56866136582919
> 0.208525293827596
