==74161== Verrou, Check floating-point rounding errors
==74161== Copyright (C) 2014-2019, EDF (F. Fevotte & B. Lathuiliere). 2019-2023, EDF (B. Lathuiliere). 2020-2021, TriScale innov (F. Fevotte)
==74161==  
==74161== Using Valgrind-3.23.0.verrou-2.6.0 and LibVEX; rerun with -h for copyright info
==74161== Command: /home/catC/de283294/projet_gradient/build/test_gradient
==74161== 
==74161== Handling new value --libm-noinst-rounding-mode=native for option --libm-noinst-rounding-mode=native
==74161== Handling new value --source=/home/catC/de283294/projet_gradient/dd.line/3471737556a35385cf785b04a5c45e55/dd.line.include for option --source
==74161== Loading list of included sources from `/home/catC/de283294/projet_gradient/dd.line/3471737556a35385cf785b04a5c45e55/dd.line.include'... OK.
==74161== Handling new value --warn-unknown-source=/home/catC/de283294/projet_gradient/dd.line/3471737556a35385cf785b04a5c45e55/dd.line.exclude for option --warn-unknown-source
==74161== Loading list of included sources from `/home/catC/de283294/projet_gradient/dd.line/3471737556a35385cf785b04a5c45e55/dd.line.exclude'... OK.
==74161== First seed : 313084
==74161== Backend verrou : 1.x-dev
==74161== Backend mcaquad : 1.x-dev
==74161== Backend checkcancellation : 1.x-dev
==74161== Backend check_float_max : 1.x-dev
==74161== Backend checkdenorm : 1.x-dev
==74161== Instrumented operations :
==74161== 	add : yes
==74161== 	sub : yes
==74161== 	mul : yes
==74161== 	div : yes
==74161== 	mAdd : yes
==74161== 	mSub : yes
==74161== 	sqrt : yes
==74161== 	cmp : no
==74161== 	conv : yes
==74161== 	max : no
==74161== 	min : no
==74161== Instrumented vectorized operations :
==74161== 	scal : no
==74161== 	llo  : yes
==74161== 	vec2  : yes
==74161== 	vec4  : yes
==74161== 	vec8  : yes
==74161== 	unk  : yes
==74161== Instrumented type :
==74161== 	flt : yes
==74161== 	dbl : yes
==74161== Frontend: double -> float
==74161== Backend verrou simulating NEAREST rounding mode
==74161== EXCLUDE DETECTED: /usr/lib/x86_64-linux-gnu/libm.so.6
==74161== EXCLUDE DETECTED: /usr/lib/x86_64-linux-gnu/libgcc_s.so.1
==74161== Using exclusion rule: *	/usr/lib/x86_64-linux-gnu/libm.so.6
==74161== Using exclusion rule: *	/usr/lib/x86_64-linux-gnu/libgcc_s.so.1
==74161== 
==74161==  ---------------------------------------------------------------------
==74161==  Operation                            Instruction count
==74161==   `- Precision
==74161==       `- Vectorization          Total             Instrumented
==74161==  ---------------------------------------------------------------------
==74161==  add                   154560                   150560          ( 97%)
==74161==   `- dbl                   154560                   150560      ( 97%)
==74161==       `- llo                   154560                   150560  ( 97%)
==74161==  ---------------------------------------------------------------------
==74161==  sub                     2480                     2480          (100%)
==74161==   `- dbl                     2480                     2480      (100%)
==74161==       `- llo                     2480                     2480  (100%)
==74161==  ---------------------------------------------------------------------
==74161==  mul                   148000                   144000          ( 97%)
==74161==   `- dbl                   148000                   144000      ( 97%)
==74161==       `- llo                   148000                   144000  ( 97%)
==74161==  ---------------------------------------------------------------------
==74161==  div                       20                       10          ( 50%)
==74161==   `- dbl                       20                       10      ( 50%)
==74161==       `- llo                       20                       10  ( 50%)
==74161==  ---------------------------------------------------------------------
==74161==  cmp                      231                        0          (  0%)
==74161==   `- dbl                      231                        0      (  0%)
==74161==       `- scal                     231                        0  (  0%)
==74161==  ---------------------------------------------------------------------
==74161== For lists of detected and suppressed errors, rerun with: -s
==74161== ERROR SUMMARY: 0 errors from 0 contexts (suppressed: 0 from 0)
