3,82c3,82
< 0.670108731075782
< 0.886650102743412
< 0.223907392689683
< 0.887399023491003
< 0.0865560384717236
< 0.903883598660134
< 0.319263739156661
< 0.339931673649658
< 0.514086488310223
< 0.945039740437313
< 0.0722845530573347
< 0.332701014394423
< 0.846288336182231
< 0.376332670910763
< 0.205621359995104
< 0.411442685619262
< 0.339646634971252
< 0.908119403737534
< 0.771170291731172
< 0.487475835881752
< 0.952095483367411
< 0.475103584936355
< 0.0549235783132771
< 0.268960213509828
< 0.420214965967999
< 0.168840341316317
< 0.939056628053231
< 0.767686011187752
< 0.291705171191772
< 0.594329076453834
< 0.723177540493832
< 0.940511202063565
< 0.857299876398798
< 0.532816829429993
< 0.770122810870156
< 0.567584115998731
< 0.591310543691797
< 0.121929457366341
< 0.128213910551628
< 0.557756059494897
< 0.270855452004628
< 0.0219059956470551
< 0.715486201333215
< 0.0135349787252742
< 0.559464406995679
< 0.539660288057846
< 0.969671435262033
< 0.462088237289776
< 0.0731703358374096
< 0.544269226508383
< 0.849352358379594
< 1.00621675829766
< 0.407553949755172
< 0.314671795271502
< 0.879965618628223
< 0.211186375654126
< 0.61931626913271
< 0.399097590632581
< 0.0447852634072871
< 0.337440648871498
< 0.25940457906585
< 0.68638324575822
< 0.969178397960666
< 0.276604914819985
< 0.81738530318406
< 0.0183961163002456
< 0.547564735286268
< 0.0756450954885097
< 0.918383222117917
< 0.75229352500027
< 0.666072195459837
< 0.816948479931376
< 0.630967448721246
< 0.971897819259793
< 0.702455171302549
< 0.919898319301769
< 0.509970508112408
< 0.125723124575705
< 0.574732449727469
< 0.186305921981974
---
> 0.653683439729027
> 0.911329992224726
> 0.231659004618068
> 0.900456475274905
> 0.0933923099405339
> 0.897784359331754
> 0.324086971361972
> 0.352351329472631
> 0.532411811251201
> 0.939394176646209
> 0.0955484873431859
> 0.325693982952741
> 0.841777414166765
> 0.360646423994646
> 0.199556408411272
> 0.400178826100898
> 0.32699549421143
> 0.904478456172823
> 0.781954403488847
> 0.481226675409762
> 0.943177486943012
> 0.476226140443859
> 0.0637534284995279
> 0.271382046573745
> 0.414554434194674
> 0.184627502717123
> 0.936604548875729
> 0.779156995622865
> 0.310173020399271
> 0.5912325184192
> 0.732846487003793
> 0.939376575073847
> 0.857302716536264
> 0.544504663994652
> 0.772806727870898
> 0.564818378205584
> 0.603631057884703
> 0.121816042550177
> 0.130758295496596
> 0.559487213226973
> 0.268312762971067
> 0.0111535887867128
> 0.711504045411034
> 0.00499933531763327
> 0.556951591253071
> 0.540000563637188
> 0.952763431943618
> 0.470831880440568
> 0.0785293989524447
> 0.555787088473053
> 0.848617572880018
> 1.00086862494059
> 0.408284890460595
> 0.30021822521994
> 0.864200731290203
> 0.229596709620847
> 0.623837202594962
> 0.399976934180324
> 0.053439311270288
> 0.328706298054858
> 0.261450794670735
> 0.682452888449209
> 0.978989916776476
> 0.274572508362298
> 0.802383691068535
> 0.00229143486173517
> 0.538520822271743
> 0.0847067052350366
> 0.903613867624881
> 0.741360519331846
> 0.653173989584359
> 0.817614986839527
> 0.627693377436201
> 0.965467655570874
> 0.695398601529105
> 0.916064404024993
> 0.513284652106403
> 0.128555271955556
> 0.568515559384871
> 0.207998889659499
