3,82c3,82
< 0.670108731075782
< 0.886650102743412
< 0.223907392689683
< 0.887399023491003
< 0.0865560384717236
< 0.903883598660134
< 0.319263739156661
< 0.339931673649658
< 0.514086488310223
< 0.945039740437313
< 0.0722845530573347
< 0.332701014394423
< 0.846288336182231
< 0.376332670910763
< 0.205621359995104
< 0.411442685619262
< 0.339646634971252
< 0.908119403737534
< 0.771170291731172
< 0.487475835881752
< 0.952095483367411
< 0.475103584936355
< 0.0549235783132771
< 0.268960213509828
< 0.420214965967999
< 0.168840341316317
< 0.939056628053231
< 0.767686011187752
< 0.291705171191772
< 0.594329076453834
< 0.723177540493832
< 0.940511202063565
< 0.857299876398798
< 0.532816829429993
< 0.770122810870156
< 0.567584115998731
< 0.591310543691797
< 0.121929457366341
< 0.128213910551628
< 0.557756059494897
< 0.270855452004628
< 0.0219059956470551
< 0.715486201333215
< 0.0135349787252742
< 0.559464406995679
< 0.539660288057846
< 0.969671435262033
< 0.462088237289776
< 0.0731703358374096
< 0.544269226508383
< 0.849352358379594
< 1.00621675829766
< 0.407553949755172
< 0.314671795271502
< 0.879965618628223
< 0.211186375654126
< 0.61931626913271
< 0.399097590632581
< 0.0447852634072871
< 0.337440648871498
< 0.25940457906585
< 0.68638324575822
< 0.969178397960666
< 0.276604914819985
< 0.81738530318406
< 0.0183961163002456
< 0.547564735286268
< 0.0756450954885097
< 0.918383222117917
< 0.75229352500027
< 0.666072195459837
< 0.816948479931376
< 0.630967448721246
< 0.971897819259793
< 0.702455171302549
< 0.919898319301769
< 0.509970508112408
< 0.125723124575705
< 0.574732449727469
< 0.186305921981974
---
> 0.653680324554443
> 0.911353707313538
> 0.231671124696732
> 0.900461971759796
> 0.0934028923511505
> 0.897764265537262
> 0.324085623025894
> 0.352345645427704
> 0.53240954875946
> 0.939404964447021
> 0.0955332964658737
> 0.325691342353821
> 0.841775953769684
> 0.360634297132492
> 0.199560895562172
> 0.40017831325531
> 0.326992243528366
> 0.904479444026947
> 0.781960606575012
> 0.48122239112854
> 0.94317352771759
> 0.476239413022995
> 0.0637487471103668
> 0.271386802196503
> 0.414531826972961
> 0.184620752930641
> 0.936604022979736
> 0.779158651828766
> 0.310188472270966
> 0.591236174106598
> 0.732840836048126
> 0.939396142959595
> 0.857294619083405
> 0.544508337974548
> 0.772807955741882
> 0.56480860710144
> 0.603646337985992
> 0.1218067035079
> 0.130757242441177
> 0.559490561485291
> 0.268313616514206
> 0.0111651578918099
> 0.711511552333832
> 0.00500110536813736
> 0.55694991350174
> 0.540007710456848
> 0.952750742435455
> 0.470827788114548
> 0.0785500407218933
> 0.555788040161133
> 0.848599791526794
> 1.00086617469788
> 0.408267110586166
> 0.300217539072037
> 0.864198982715607
> 0.22959104180336
> 0.623825132846832
> 0.399969816207886
> 0.0534478761255741
> 0.328711837530136
> 0.261459290981293
> 0.682454764842987
> 0.978989720344543
> 0.274581581354141
> 0.802378296852112
> 0.00228003412485123
> 0.538521587848663
> 0.0847171768546104
> 0.903619825839996
> 0.741354882717133
> 0.653168261051178
> 0.81760436296463
> 0.627684593200684
> 0.965475559234619
> 0.69539886713028
> 0.916058719158173
> 0.513282001018524
> 0.128561288118362
> 0.5685093998909
> 0.208012446761131
