==74083== Verrou, Check floating-point rounding errors
==74083== Copyright (C) 2014-2019, EDF (F. Fevotte & B. Lathuiliere). 2019-2023, EDF (B. Lathuiliere). 2020-2021, TriScale innov (F. Fevotte)
==74083==  
==74083== Using Valgrind-3.23.0.verrou-2.6.0 and LibVEX; rerun with -h for copyright info
==74083== Command: /home/catC/de283294/projet_gradient/build/test_gradient
==74083== 
==74083== Handling new value --libm-noinst-rounding-mode=native for option --libm-noinst-rounding-mode=native
==74083== Handling new value --source=/home/catC/de283294/projet_gradient/dd.line/d41d8cd98f00b204e9800998ecf8427e/dd.line.include for option --source
==74083== Loading list of included sources from `/home/catC/de283294/projet_gradient/dd.line/d41d8cd98f00b204e9800998ecf8427e/dd.line.include'... OK.
==74083== Handling new value --warn-unknown-source=/home/catC/de283294/projet_gradient/dd.line/d41d8cd98f00b204e9800998ecf8427e/dd.line.exclude for option --warn-unknown-source
==74083== Loading list of included sources from `/home/catC/de283294/projet_gradient/dd.line/d41d8cd98f00b204e9800998ecf8427e/dd.line.exclude'... OK.
==74083== First seed : 763160
==74083== Backend verrou : 1.x-dev
==74083== Backend mcaquad : 1.x-dev
==74083== Backend checkcancellation : 1.x-dev
==74083== Backend check_float_max : 1.x-dev
==74083== Backend checkdenorm : 1.x-dev
==74083== Instrumented operations :
==74083== 	add : yes
==74083== 	sub : yes
==74083== 	mul : yes
==74083== 	div : yes
==74083== 	mAdd : yes
==74083== 	mSub : yes
==74083== 	sqrt : yes
==74083== 	cmp : no
==74083== 	conv : yes
==74083== 	max : no
==74083== 	min : no
==74083== Instrumented vectorized operations :
==74083== 	scal : no
==74083== 	llo  : yes
==74083== 	vec2  : yes
==74083== 	vec4  : yes
==74083== 	vec8  : yes
==74083== 	unk  : yes
==74083== Instrumented type :
==74083== 	flt : yes
==74083== 	dbl : yes
==74083== Frontend: double -> float
==74083== Backend verrou simulating NEAREST rounding mode
==74083== EXCLUDE DETECTED: /usr/lib/x86_64-linux-gnu/libm.so.6
==74083== EXCLUDE DETECTED: /usr/lib/x86_64-linux-gnu/libgcc_s.so.1
==74083== Using exclusion rule: *	/usr/lib/x86_64-linux-gnu/libm.so.6
==74083== Using exclusion rule: *	/usr/lib/x86_64-linux-gnu/libgcc_s.so.1
==74083== 
==74083==  ---------------------------------------------------------------------
==74083==  Operation                            Instruction count
==74083==   `- Precision
==74083==       `- Vectorization          Total             Instrumented
==74083==  ---------------------------------------------------------------------
==74083==  add                   154560                        0          (  0%)
==74083==   `- dbl                   154560                        0      (  0%)
==74083==       `- llo                   154560                        0  (  0%)
==74083==  ---------------------------------------------------------------------
==74083==  sub                     2480                        0          (  0%)
==74083==   `- dbl                     2480                        0      (  0%)
==74083==       `- llo                     2480                        0  (  0%)
==74083==  ---------------------------------------------------------------------
==74083==  mul                   148000                        0          (  0%)
==74083==   `- dbl                   148000                        0      (  0%)
==74083==       `- llo                   148000                        0  (  0%)
==74083==  ---------------------------------------------------------------------
==74083==  div                       20                        0          (  0%)
==74083==   `- dbl                       20                        0      (  0%)
==74083==       `- llo                       20                        0  (  0%)
==74083==  ---------------------------------------------------------------------
==74083==  cmp                      231                        0          (  0%)
==74083==   `- dbl                      231                        0      (  0%)
==74083==       `- scal                     231                        0  (  0%)
==74083==  ---------------------------------------------------------------------
==74083== For lists of detected and suppressed errors, rerun with: -s
==74083== ERROR SUMMARY: 0 errors from 0 contexts (suppressed: 0 from 0)
