==74069== Verrou, Check floating-point rounding errors
==74069== Copyright (C) 2014-2019, EDF (F. Fevotte & B. Lathuiliere). 2019-2023, EDF (B. Lathuiliere). 2020-2021, TriScale innov (F. Fevotte)
==74069==  
==74069== Using Valgrind-3.23.0.verrou-2.6.0 and LibVEX; rerun with -h for copyright info
==74069== Command: /home/catC/de283294/projet_gradient/build/test_gradient
==74069== 
==74069== Handling new value --libm-noinst-rounding-mode=native for option --libm-noinst-rounding-mode=native
==74069== Handling new value --source=/home/catC/de283294/projet_gradient/dd.line/d41d8cd98f00b204e9800998ecf8427e/dd.line.include for option --source
==74069== Loading list of included sources from `/home/catC/de283294/projet_gradient/dd.line/d41d8cd98f00b204e9800998ecf8427e/dd.line.include'... OK.
==74069== Handling new value --warn-unknown-source=/home/catC/de283294/projet_gradient/dd.line/d41d8cd98f00b204e9800998ecf8427e/dd.line.exclude for option --warn-unknown-source
==74069== Loading list of included sources from `/home/catC/de283294/projet_gradient/dd.line/d41d8cd98f00b204e9800998ecf8427e/dd.line.exclude'... OK.
==74069== First seed : 453992
==74069== Backend verrou : 1.x-dev
==74069== Backend mcaquad : 1.x-dev
==74069== Backend checkcancellation : 1.x-dev
==74069== Backend check_float_max : 1.x-dev
==74069== Backend checkdenorm : 1.x-dev
==74069== Instrumented operations :
==74069== 	add : yes
==74069== 	sub : yes
==74069== 	mul : yes
==74069== 	div : yes
==74069== 	mAdd : yes
==74069== 	mSub : yes
==74069== 	sqrt : yes
==74069== 	cmp : no
==74069== 	conv : yes
==74069== 	max : no
==74069== 	min : no
==74069== Instrumented vectorized operations :
==74069== 	scal : no
==74069== 	llo  : yes
==74069== 	vec2  : yes
==74069== 	vec4  : yes
==74069== 	vec8  : yes
==74069== 	unk  : yes
==74069== Instrumented type :
==74069== 	flt : yes
==74069== 	dbl : yes
==74069== Frontend: double -> float
==74069== Backend verrou simulating NEAREST rounding mode
==74069== EXCLUDE DETECTED: /usr/lib/x86_64-linux-gnu/libm.so.6
==74069== EXCLUDE DETECTED: /usr/lib/x86_64-linux-gnu/libgcc_s.so.1
==74069== Using exclusion rule: *	/usr/lib/x86_64-linux-gnu/libm.so.6
==74069== Using exclusion rule: *	/usr/lib/x86_64-linux-gnu/libgcc_s.so.1
==74069== 
==74069==  ---------------------------------------------------------------------
==74069==  Operation                            Instruction count
==74069==   `- Precision
==74069==       `- Vectorization          Total             Instrumented
==74069==  ---------------------------------------------------------------------
==74069==  add                   154560                        0          (  0%)
==74069==   `- dbl                   154560                        0      (  0%)
==74069==       `- llo                   154560                        0  (  0%)
==74069==  ---------------------------------------------------------------------
==74069==  sub                     2480                        0          (  0%)
==74069==   `- dbl                     2480                        0      (  0%)
==74069==       `- llo                     2480                        0  (  0%)
==74069==  ---------------------------------------------------------------------
==74069==  mul                   148000                        0          (  0%)
==74069==   `- dbl                   148000                        0      (  0%)
==74069==       `- llo                   148000                        0  (  0%)
==74069==  ---------------------------------------------------------------------
==74069==  div                       20                        0          (  0%)
==74069==   `- dbl                       20                        0      (  0%)
==74069==       `- llo                       20                        0  (  0%)
==74069==  ---------------------------------------------------------------------
==74069==  cmp                      231                        0          (  0%)
==74069==   `- dbl                      231                        0      (  0%)
==74069==       `- scal                     231                        0  (  0%)
==74069==  ---------------------------------------------------------------------
==74069== For lists of detected and suppressed errors, rerun with: -s
==74069== ERROR SUMMARY: 0 errors from 0 contexts (suppressed: 0 from 0)
