3,82c3,82
< 0.670108731075782
< 0.886650102743412
< 0.223907392689683
< 0.887399023491003
< 0.0865560384717236
< 0.903883598660134
< 0.319263739156661
< 0.339931673649658
< 0.514086488310223
< 0.945039740437313
< 0.0722845530573347
< 0.332701014394423
< 0.846288336182231
< 0.376332670910763
< 0.205621359995104
< 0.411442685619262
< 0.339646634971252
< 0.908119403737534
< 0.771170291731172
< 0.487475835881752
< 0.952095483367411
< 0.475103584936355
< 0.0549235783132771
< 0.268960213509828
< 0.420214965967999
< 0.168840341316317
< 0.939056628053231
< 0.767686011187752
< 0.291705171191772
< 0.594329076453834
< 0.723177540493832
< 0.940511202063565
< 0.857299876398798
< 0.532816829429993
< 0.770122810870156
< 0.567584115998731
< 0.591310543691797
< 0.121929457366341
< 0.128213910551628
< 0.557756059494897
< 0.270855452004628
< 0.0219059956470551
< 0.715486201333215
< 0.0135349787252742
< 0.559464406995679
< 0.539660288057846
< 0.969671435262033
< 0.462088237289776
< 0.0731703358374096
< 0.544269226508383
< 0.849352358379594
< 1.00621675829766
< 0.407553949755172
< 0.314671795271502
< 0.879965618628223
< 0.211186375654126
< 0.61931626913271
< 0.399097590632581
< 0.0447852634072871
< 0.337440648871498
< 0.25940457906585
< 0.68638324575822
< 0.969178397960666
< 0.276604914819985
< 0.81738530318406
< 0.0183961163002456
< 0.547564735286268
< 0.0756450954885097
< 0.918383222117917
< 0.75229352500027
< 0.666072195459837
< 0.816948479931376
< 0.630967448721246
< 0.971897819259793
< 0.702455171302549
< 0.919898319301769
< 0.509970508112408
< 0.125723124575705
< 0.574732449727469
< 0.186305921981974
---
> 0.655949154100712
> 0.908406068412725
> 0.230869147005198
> 0.898989188245473
> 0.0927180150897106
> 0.89876789316799
> 0.323672938489723
> 0.350970115837776
> 0.530310284246949
> 0.940272328175604
> 0.0927705853242395
> 0.326780541118259
> 0.842542667428557
> 0.3628262776895
> 0.20051202832996
> 0.401778604395515
> 0.328790928504611
> 0.905111274142933
> 0.780777822587484
> 0.482185732979008
> 0.944488648095049
> 0.476274074013147
> 0.0628018252022294
> 0.271279430944967
> 0.415461654171441
> 0.182830793260389
> 0.937116210233294
> 0.777883524430289
> 0.308041704737521
> 0.59182891823928
> 0.731799680001812
> 0.939728528925414
> 0.857508695284954
> 0.543239970460832
> 0.772654173129217
> 0.565375739268413
> 0.60226063574901
> 0.122029648135763
> 0.130639083391009
> 0.559440208182849
> 0.268815988887462
> 0.0126965451580344
> 0.712205574074677
> 0.00627481740371885
> 0.557461070930181
> 0.540171566446319
> 0.955086527209316
> 0.469913493622275
> 0.0780407079682422
> 0.554518617614672
> 0.848884400702895
> 1.00173651981841
> 0.408381557796311
> 0.302214584055221
> 0.866375111742489
> 0.227461602617752
> 0.623435715088979
> 0.400046250524134
> 0.0525495675962043
> 0.330011002513297
> 0.26137745797479
> 0.683147472337003
> 0.977966857428829
> 0.275006959577403
> 0.804477988954462
> 0.00451047412520586
> 0.539833404487776
> 0.0837541663824207
> 0.905682334322664
> 0.742954658993858
> 0.654992632486121
> 0.817734796758208
> 0.628300219942982
> 0.966480015108482
> 0.696477915436545
> 0.916748228686238
> 0.513061164643375
> 0.128395488104642
> 0.569480627256501
> 0.205467349842455
