==74097== Verrou, Check floating-point rounding errors
==74097== Copyright (C) 2014-2019, EDF (F. Fevotte & B. Lathuiliere). 2019-2023, EDF (B. Lathuiliere). 2020-2021, TriScale innov (F. Fevotte)
==74097==  
==74097== Using Valgrind-3.23.0.verrou-2.6.0 and LibVEX; rerun with -h for copyright info
==74097== Command: /home/catC/de283294/projet_gradient/build/test_gradient
==74097== 
==74097== Handling new value --libm-noinst-rounding-mode=native for option --libm-noinst-rounding-mode=native
==74097== Handling new value --source=/home/catC/de283294/projet_gradient/dd.line/98bf85ab2eae36b62f3a464406b24314/dd.line.include for option --source
==74097== Loading list of included sources from `/home/catC/de283294/projet_gradient/dd.line/98bf85ab2eae36b62f3a464406b24314/dd.line.include'... OK.
==74097== Handling new value --warn-unknown-source=/home/catC/de283294/projet_gradient/dd.line/98bf85ab2eae36b62f3a464406b24314/dd.line.exclude for option --warn-unknown-source
==74097== Loading list of included sources from `/home/catC/de283294/projet_gradient/dd.line/98bf85ab2eae36b62f3a464406b24314/dd.line.exclude'... OK.
==74097== First seed : 175463
==74097== Backend verrou : 1.x-dev
==74097== Backend mcaquad : 1.x-dev
==74097== Backend checkcancellation : 1.x-dev
==74097== Backend check_float_max : 1.x-dev
==74097== Backend checkdenorm : 1.x-dev
==74097== Instrumented operations :
==74097== 	add : yes
==74097== 	sub : yes
==74097== 	mul : yes
==74097== 	div : yes
==74097== 	mAdd : yes
==74097== 	mSub : yes
==74097== 	sqrt : yes
==74097== 	cmp : no
==74097== 	conv : yes
==74097== 	max : no
==74097== 	min : no
==74097== Instrumented vectorized operations :
==74097== 	scal : no
==74097== 	llo  : yes
==74097== 	vec2  : yes
==74097== 	vec4  : yes
==74097== 	vec8  : yes
==74097== 	unk  : yes
==74097== Instrumented type :
==74097== 	flt : yes
==74097== 	dbl : yes
==74097== Frontend: double -> float
==74097== Backend verrou simulating NEAREST rounding mode
==74097== EXCLUDE DETECTED: /usr/lib/x86_64-linux-gnu/libm.so.6
==74097== EXCLUDE DETECTED: /usr/lib/x86_64-linux-gnu/libgcc_s.so.1
==74097== Using exclusion rule: *	/usr/lib/x86_64-linux-gnu/libm.so.6
==74097== Using exclusion rule: *	/usr/lib/x86_64-linux-gnu/libgcc_s.so.1
==74097== 
==74097==  ---------------------------------------------------------------------
==74097==  Operation                            Instruction count
==74097==   `- Precision
==74097==       `- Vectorization          Total             Instrumented
==74097==  ---------------------------------------------------------------------
==74097==  add                   154560                      800          (  1%)
==74097==   `- dbl                   154560                      800      (  1%)
==74097==       `- llo                   154560                      800  (  1%)
==74097==  ---------------------------------------------------------------------
==74097==  sub                     2480                        0          (  0%)
==74097==   `- dbl                     2480                        0      (  0%)
==74097==       `- llo                     2480                        0  (  0%)
==74097==  ---------------------------------------------------------------------
==74097==  mul                   148000                        0          (  0%)
==74097==   `- dbl                   148000                        0      (  0%)
==74097==       `- llo                   148000                        0  (  0%)
==74097==  ---------------------------------------------------------------------
==74097==  div                       20                       10          ( 50%)
==74097==   `- dbl                       20                       10      ( 50%)
==74097==       `- llo                       20                       10  ( 50%)
==74097==  ---------------------------------------------------------------------
==74097==  cmp                      231                        0          (  0%)
==74097==   `- dbl                      231                        0      (  0%)
==74097==       `- scal                     231                        0  (  0%)
==74097==  ---------------------------------------------------------------------
==74097== For lists of detected and suppressed errors, rerun with: -s
==74097== ERROR SUMMARY: 0 errors from 0 contexts (suppressed: 0 from 0)
