==74101== Verrou, Check floating-point rounding errors
==74101== Copyright (C) 2014-2019, EDF (F. Fevotte & B. Lathuiliere). 2019-2023, EDF (B. Lathuiliere). 2020-2021, TriScale innov (F. Fevotte)
==74101==  
==74101== Using Valgrind-3.23.0.verrou-2.6.0 and LibVEX; rerun with -h for copyright info
==74101== Command: /home/catC/de283294/projet_gradient/build/test_gradient
==74101== 
==74101== Handling new value --libm-noinst-rounding-mode=native for option --libm-noinst-rounding-mode=native
==74101== Handling new value --source=/home/catC/de283294/projet_gradient/dd.line/b4d84e13fb5a6048f310fe6d74a762fc/dd.line.include for option --source
==74101== Loading list of included sources from `/home/catC/de283294/projet_gradient/dd.line/b4d84e13fb5a6048f310fe6d74a762fc/dd.line.include'... OK.
==74101== Handling new value --warn-unknown-source=/home/catC/de283294/projet_gradient/dd.line/b4d84e13fb5a6048f310fe6d74a762fc/dd.line.exclude for option --warn-unknown-source
==74101== Loading list of included sources from `/home/catC/de283294/projet_gradient/dd.line/b4d84e13fb5a6048f310fe6d74a762fc/dd.line.exclude'... OK.
==74101== First seed : 582428
==74101== Backend verrou : 1.x-dev
==74101== Backend mcaquad : 1.x-dev
==74101== Backend checkcancellation : 1.x-dev
==74101== Backend check_float_max : 1.x-dev
==74101== Backend checkdenorm : 1.x-dev
==74101== Instrumented operations :
==74101== 	add : yes
==74101== 	sub : yes
==74101== 	mul : yes
==74101== 	div : yes
==74101== 	mAdd : yes
==74101== 	mSub : yes
==74101== 	sqrt : yes
==74101== 	cmp : no
==74101== 	conv : yes
==74101== 	max : no
==74101== 	min : no
==74101== Instrumented vectorized operations :
==74101== 	scal : no
==74101== 	llo  : yes
==74101== 	vec2  : yes
==74101== 	vec4  : yes
==74101== 	vec8  : yes
==74101== 	unk  : yes
==74101== Instrumented type :
==74101== 	flt : yes
==74101== 	dbl : yes
==74101== Frontend: double -> float
==74101== Backend verrou simulating NEAREST rounding mode
==74101== EXCLUDE DETECTED: /usr/lib/x86_64-linux-gnu/libm.so.6
==74101== EXCLUDE DETECTED: /usr/lib/x86_64-linux-gnu/libgcc_s.so.1
==74101== Using exclusion rule: *	/usr/lib/x86_64-linux-gnu/libm.so.6
==74101== Using exclusion rule: *	/usr/lib/x86_64-linux-gnu/libgcc_s.so.1
==74101== 
==74101==  ---------------------------------------------------------------------
==74101==  Operation                            Instruction count
==74101==   `- Precision
==74101==       `- Vectorization          Total             Instrumented
==74101==  ---------------------------------------------------------------------
==74101==  add                   154560                        0          (  0%)
==74101==   `- dbl                   154560                        0      (  0%)
==74101==       `- llo                   154560                        0  (  0%)
==74101==  ---------------------------------------------------------------------
==74101==  sub                     2480                        0          (  0%)
==74101==   `- dbl                     2480                        0      (  0%)
==74101==       `- llo                     2480                        0  (  0%)
==74101==  ---------------------------------------------------------------------
==74101==  mul                   148000                        0          (  0%)
==74101==   `- dbl                   148000                        0      (  0%)
==74101==       `- llo                   148000                        0  (  0%)
==74101==  ---------------------------------------------------------------------
==74101==  div                       20                       10          ( 50%)
==74101==   `- dbl                       20                       10      ( 50%)
==74101==       `- llo                       20                       10  ( 50%)
==74101==  ---------------------------------------------------------------------
==74101==  cmp                      231                        0          (  0%)
==74101==   `- dbl                      231                        0      (  0%)
==74101==       `- scal                     231                        0  (  0%)
==74101==  ---------------------------------------------------------------------
==74101== For lists of detected and suppressed errors, rerun with: -s
==74101== ERROR SUMMARY: 0 errors from 0 contexts (suppressed: 0 from 0)
