==74133== Verrou, Check floating-point rounding errors
==74133== Copyright (C) 2014-2019, EDF (F. Fevotte & B. Lathuiliere). 2019-2023, EDF (B. Lathuiliere). 2020-2021, TriScale innov (F. Fevotte)
==74133==  
==74133== Using Valgrind-3.23.0.verrou-2.6.0 and LibVEX; rerun with -h for copyright info
==74133== Command: /home/catC/de283294/projet_gradient/build/test_gradient
==74133== 
==74133== Handling new value --libm-noinst-rounding-mode=native for option --libm-noinst-rounding-mode=native
==74133== Handling new value --source=/home/catC/de283294/projet_gradient/dd.line/39cdd5b80cb20a1b877d435367e84f0e/dd.line.include for option --source
==74133== Loading list of included sources from `/home/catC/de283294/projet_gradient/dd.line/39cdd5b80cb20a1b877d435367e84f0e/dd.line.include'... OK.
==74133== Handling new value --warn-unknown-source=/home/catC/de283294/projet_gradient/dd.line/39cdd5b80cb20a1b877d435367e84f0e/dd.line.exclude for option --warn-unknown-source
==74133== Loading list of included sources from `/home/catC/de283294/projet_gradient/dd.line/39cdd5b80cb20a1b877d435367e84f0e/dd.line.exclude'... OK.
==74133== First seed : 834958
==74133== Backend verrou : 1.x-dev
==74133== Backend mcaquad : 1.x-dev
==74133== Backend checkcancellation : 1.x-dev
==74133== Backend check_float_max : 1.x-dev
==74133== Backend checkdenorm : 1.x-dev
==74133== Instrumented operations :
==74133== 	add : yes
==74133== 	sub : yes
==74133== 	mul : yes
==74133== 	div : yes
==74133== 	mAdd : yes
==74133== 	mSub : yes
==74133== 	sqrt : yes
==74133== 	cmp : no
==74133== 	conv : yes
==74133== 	max : no
==74133== 	min : no
==74133== Instrumented vectorized operations :
==74133== 	scal : no
==74133== 	llo  : yes
==74133== 	vec2  : yes
==74133== 	vec4  : yes
==74133== 	vec8  : yes
==74133== 	unk  : yes
==74133== Instrumented type :
==74133== 	flt : yes
==74133== 	dbl : yes
==74133== Frontend: double -> float
==74133== Backend verrou simulating NEAREST rounding mode
==74133== EXCLUDE DETECTED: /usr/lib/x86_64-linux-gnu/libm.so.6
==74133== EXCLUDE DETECTED: /usr/lib/x86_64-linux-gnu/libgcc_s.so.1
==74133== Using exclusion rule: *	/usr/lib/x86_64-linux-gnu/libm.so.6
==74133== Using exclusion rule: *	/usr/lib/x86_64-linux-gnu/libgcc_s.so.1
==74133== 
==74133==  ---------------------------------------------------------------------
==74133==  Operation                            Instruction count
==74133==   `- Precision
==74133==       `- Vectorization          Total             Instrumented
==74133==  ---------------------------------------------------------------------
==74133==  add                   154560                     1600          (  1%)
==74133==   `- dbl                   154560                     1600      (  1%)
==74133==       `- llo                   154560                     1600  (  1%)
==74133==  ---------------------------------------------------------------------
==74133==  sub                     2480                        0          (  0%)
==74133==   `- dbl                     2480                        0      (  0%)
==74133==       `- llo                     2480                        0  (  0%)
==74133==  ---------------------------------------------------------------------
==74133==  mul                   148000                     1600          (  1%)
==74133==   `- dbl                   148000                     1600      (  1%)
==74133==       `- llo                   148000                     1600  (  1%)
==74133==  ---------------------------------------------------------------------
==74133==  div                       20                        0          (  0%)
==74133==   `- dbl                       20                        0      (  0%)
==74133==       `- llo                       20                        0  (  0%)
==74133==  ---------------------------------------------------------------------
==74133==  cmp                      231                        0          (  0%)
==74133==   `- dbl                      231                        0      (  0%)
==74133==       `- scal                     231                        0  (  0%)
==74133==  ---------------------------------------------------------------------
==74133== For lists of detected and suppressed errors, rerun with: -s
==74133== ERROR SUMMARY: 0 errors from 0 contexts (suppressed: 0 from 0)
