3,82c3,82
< 0.670108731075782
< 0.886650102743412
< 0.223907392689683
< 0.887399023491003
< 0.0865560384717236
< 0.903883598660134
< 0.319263739156661
< 0.339931673649658
< 0.514086488310223
< 0.945039740437313
< 0.0722845530573347
< 0.332701014394423
< 0.846288336182231
< 0.376332670910763
< 0.205621359995104
< 0.411442685619262
< 0.339646634971252
< 0.908119403737534
< 0.771170291731172
< 0.487475835881752
< 0.952095483367411
< 0.475103584936355
< 0.0549235783132771
< 0.268960213509828
< 0.420214965967999
< 0.168840341316317
< 0.939056628053231
< 0.767686011187752
< 0.291705171191772
< 0.594329076453834
< 0.723177540493832
< 0.940511202063565
< 0.857299876398798
< 0.532816829429993
< 0.770122810870156
< 0.567584115998731
< 0.591310543691797
< 0.121929457366341
< 0.128213910551628
< 0.557756059494897
< 0.270855452004628
< 0.0219059956470551
< 0.715486201333215
< 0.0135349787252742
< 0.559464406995679
< 0.539660288057846
< 0.969671435262033
< 0.462088237289776
< 0.0731703358374096
< 0.544269226508383
< 0.849352358379594
< 1.00621675829766
< 0.407553949755172
< 0.314671795271502
< 0.879965618628223
< 0.211186375654126
< 0.61931626913271
< 0.399097590632581
< 0.0447852634072871
< 0.337440648871498
< 0.25940457906585
< 0.68638324575822
< 0.969178397960666
< 0.276604914819985
< 0.81738530318406
< 0.0183961163002456
< 0.547564735286268
< 0.0756450954885097
< 0.918383222117917
< 0.75229352500027
< 0.666072195459837
< 0.816948479931376
< 0.630967448721246
< 0.971897819259793
< 0.702455171302549
< 0.919898319301769
< 0.509970508112408
< 0.125723124575705
< 0.574732449727469
< 0.186305921981974
---
> 0.654012348757158
> 0.911017689489564
> 0.23160672113646
> 0.900318165534767
> 0.0933464374594487
> 0.897942208127751
> 0.324105944812827
> 0.352231780479766
> 0.532204781347938
> 0.939542018563346
> 0.0952680247741941
> 0.325891457440018
> 0.841928534674034
> 0.360939367782646
> 0.199716043230672
> 0.400423490715759
> 0.327273113377182
> 0.904598599997003
> 0.781863472840246
> 0.481382796494696
> 0.943389392744717
> 0.476276407165979
> 0.0636806897325506
> 0.271417416303669
> 0.41470898230628
> 0.184454336399908
> 0.936705762613443
> 0.779033841271401
> 0.309982513010537
> 0.591352887036474
> 0.732762431095643
> 0.939481225135349
> 0.857390300935473
> 0.544418852876958
> 0.77283211826515
> 0.564935345049563
> 0.603501674215816
> 0.121891320019023
> 0.13078378714327
> 0.559521962227134
> 0.268429778258922
> 0.0113773633956743
> 0.711643600477785
> 0.00521333968611821
> 0.557070270736273
> 0.540082743079087
> 0.95309807366811
> 0.47077429729595
> 0.0785258567353604
> 0.555684284073266
> 0.848696985722065
> 1.00102261370733
> 0.408335867174528
> 0.300485859320802
> 0.864513278990478
> 0.229369092473988
> 0.623829373451358
> 0.400025965316628
> 0.0533627566833289
> 0.328914144348238
> 0.261493656674807
> 0.682570951665041
> 0.978925132912695
> 0.274666249972242
> 0.802683244940326
> 0.00259990385398824
> 0.53871674444526
> 0.0846326958577991
> 0.903915396898432
> 0.741595023209723
> 0.653434286817594
> 0.817676394960453
> 0.6278088959261
> 0.965624961148612
> 0.695579186028052
> 0.916208609789424
> 0.513300413554641
> 0.128561865973507
> 0.568669397577911
> 0.207744430581488
