==74192== Verrou, Check floating-point rounding errors
==74192== Copyright (C) 2014-2019, EDF (F. Fevotte & B. Lathuiliere). 2019-2023, EDF (B. Lathuiliere). 2020-2021, TriScale innov (F. Fevotte)
==74192==  
==74192== Using Valgrind-3.23.0.verrou-2.6.0 and LibVEX; rerun with -h for copyright info
==74192== Command: /home/catC/de283294/projet_gradient/build/test_gradient
==74192== 
==74192== Handling new value --libm-noinst-rounding-mode=native for option --libm-noinst-rounding-mode=native
==74192== Handling new value --source=/home/catC/de283294/projet_gradient/dd.line/7a0cdf972018cea102d6f50040afa6b4/dd.line.include for option --source
==74192== Loading list of included sources from `/home/catC/de283294/projet_gradient/dd.line/7a0cdf972018cea102d6f50040afa6b4/dd.line.include'... OK.
==74192== Handling new value --warn-unknown-source=/home/catC/de283294/projet_gradient/dd.line/7a0cdf972018cea102d6f50040afa6b4/dd.line.exclude for option --warn-unknown-source
==74192== Loading list of included sources from `/home/catC/de283294/projet_gradient/dd.line/7a0cdf972018cea102d6f50040afa6b4/dd.line.exclude'... OK.
==74192== First seed : 535340
==74192== Backend verrou : 1.x-dev
==74192== Backend mcaquad : 1.x-dev
==74192== Backend checkcancellation : 1.x-dev
==74192== Backend check_float_max : 1.x-dev
==74192== Backend checkdenorm : 1.x-dev
==74192== Instrumented operations :
==74192== 	add : yes
==74192== 	sub : yes
==74192== 	mul : yes
==74192== 	div : yes
==74192== 	mAdd : yes
==74192== 	mSub : yes
==74192== 	sqrt : yes
==74192== 	cmp : no
==74192== 	conv : yes
==74192== 	max : no
==74192== 	min : no
==74192== Instrumented vectorized operations :
==74192== 	scal : no
==74192== 	llo  : yes
==74192== 	vec2  : yes
==74192== 	vec4  : yes
==74192== 	vec8  : yes
==74192== 	unk  : yes
==74192== Instrumented type :
==74192== 	flt : yes
==74192== 	dbl : yes
==74192== Frontend: double -> float
==74192== Backend verrou simulating NEAREST rounding mode
==74192== EXCLUDE DETECTED: /usr/lib/x86_64-linux-gnu/libm.so.6
==74192== EXCLUDE DETECTED: /usr/lib/x86_64-linux-gnu/libgcc_s.so.1
==74192== Using exclusion rule: *	/usr/lib/x86_64-linux-gnu/libm.so.6
==74192== Using exclusion rule: *	/usr/lib/x86_64-linux-gnu/libgcc_s.so.1
==74192== 
==74192==  ---------------------------------------------------------------------
==74192==  Operation                            Instruction count
==74192==   `- Precision
==74192==       `- Vectorization          Total             Instrumented
==74192==  ---------------------------------------------------------------------
==74192==  add                   154560                        0          (  0%)
==74192==   `- dbl                   154560                        0      (  0%)
==74192==       `- llo                   154560                        0  (  0%)
==74192==  ---------------------------------------------------------------------
==74192==  sub                     2480                     2480          (100%)
==74192==   `- dbl                     2480                     2480      (100%)
==74192==       `- llo                     2480                     2480  (100%)
==74192==  ---------------------------------------------------------------------
==74192==  mul                   148000                        0          (  0%)
==74192==   `- dbl                   148000                        0      (  0%)
==74192==       `- llo                   148000                        0  (  0%)
==74192==  ---------------------------------------------------------------------
==74192==  div                       20                        0          (  0%)
==74192==   `- dbl                       20                        0      (  0%)
==74192==       `- llo                       20                        0  (  0%)
==74192==  ---------------------------------------------------------------------
==74192==  cmp                      231                        0          (  0%)
==74192==   `- dbl                      231                        0      (  0%)
==74192==       `- scal                     231                        0  (  0%)
==74192==  ---------------------------------------------------------------------
==74192== For lists of detected and suppressed errors, rerun with: -s
==74192== ERROR SUMMARY: 0 errors from 0 contexts (suppressed: 0 from 0)
