==74247== Verrou, Check floating-point rounding errors
==74247== Copyright (C) 2014-2019, EDF (F. Fevotte & B. Lathuiliere). 2019-2023, EDF (B. Lathuiliere). 2020-2021, TriScale innov (F. Fevotte)
==74247==  
==74247== Using Valgrind-3.23.0.verrou-2.6.0 and LibVEX; rerun with -h for copyright info
==74247== Command: /home/catC/de283294/projet_gradient/build/test_gradient
==74247== 
==74247== Handling new value --libm-noinst-rounding-mode=native for option --libm-noinst-rounding-mode=native
==74247== Handling new value --source=/home/catC/de283294/projet_gradient/dd.line/d88f890317460251de7c1cf7ae004977/dd.line.include for option --source
==74247== Loading list of included sources from `/home/catC/de283294/projet_gradient/dd.line/d88f890317460251de7c1cf7ae004977/dd.line.include'... OK.
==74247== Handling new value --warn-unknown-source=/home/catC/de283294/projet_gradient/dd.line/d88f890317460251de7c1cf7ae004977/dd.line.exclude for option --warn-unknown-source
==74247== Loading list of included sources from `/home/catC/de283294/projet_gradient/dd.line/d88f890317460251de7c1cf7ae004977/dd.line.exclude'... OK.
==74247== First seed : 763292
==74247== Backend verrou : 1.x-dev
==74247== Backend mcaquad : 1.x-dev
==74247== Backend checkcancellation : 1.x-dev
==74247== Backend check_float_max : 1.x-dev
==74247== Backend checkdenorm : 1.x-dev
==74247== Instrumented operations :
==74247== 	add : yes
==74247== 	sub : yes
==74247== 	mul : yes
==74247== 	div : yes
==74247== 	mAdd : yes
==74247== 	mSub : yes
==74247== 	sqrt : yes
==74247== 	cmp : no
==74247== 	conv : yes
==74247== 	max : no
==74247== 	min : no
==74247== Instrumented vectorized operations :
==74247== 	scal : no
==74247== 	llo  : yes
==74247== 	vec2  : yes
==74247== 	vec4  : yes
==74247== 	vec8  : yes
==74247== 	unk  : yes
==74247== Instrumented type :
==74247== 	flt : yes
==74247== 	dbl : yes
==74247== Frontend: double -> float
==74247== Backend verrou simulating NEAREST rounding mode
==74247== EXCLUDE DETECTED: /usr/lib/x86_64-linux-gnu/libm.so.6
==74247== EXCLUDE DETECTED: /usr/lib/x86_64-linux-gnu/libgcc_s.so.1
==74247== Using exclusion rule: *	/usr/lib/x86_64-linux-gnu/libm.so.6
==74247== Using exclusion rule: *	/usr/lib/x86_64-linux-gnu/libgcc_s.so.1
==74247== 
==74247==  ---------------------------------------------------------------------
==74247==  Operation                            Instruction count
==74247==   `- Precision
==74247==       `- Vectorization          Total             Instrumented
==74247==  ---------------------------------------------------------------------
==74247==  add                   154560                     8960          (  6%)
==74247==   `- dbl                   154560                     8960      (  6%)
==74247==       `- llo                   154560                     8960  (  6%)
==74247==  ---------------------------------------------------------------------
==74247==  sub                     2480                        0          (  0%)
==74247==   `- dbl                     2480                        0      (  0%)
==74247==       `- llo                     2480                        0  (  0%)
==74247==  ---------------------------------------------------------------------
==74247==  mul                   148000                     1600          (  1%)
==74247==   `- dbl                   148000                     1600      (  1%)
==74247==       `- llo                   148000                     1600  (  1%)
==74247==  ---------------------------------------------------------------------
==74247==  div                       20                        0          (  0%)
==74247==   `- dbl                       20                        0      (  0%)
==74247==       `- llo                       20                        0  (  0%)
==74247==  ---------------------------------------------------------------------
==74247==  cmp                      231                        0          (  0%)
==74247==   `- dbl                      231                        0      (  0%)
==74247==       `- scal                     231                        0  (  0%)
==74247==  ---------------------------------------------------------------------
==74247== For lists of detected and suppressed errors, rerun with: -s
==74247== ERROR SUMMARY: 0 errors from 0 contexts (suppressed: 0 from 0)
