==74141== Verrou, Check floating-point rounding errors
==74141== Copyright (C) 2014-2019, EDF (F. Fevotte & B. Lathuiliere). 2019-2023, EDF (B. Lathuiliere). 2020-2021, TriScale innov (F. Fevotte)
==74141==  
==74141== Using Valgrind-3.23.0.verrou-2.6.0 and LibVEX; rerun with -h for copyright info
==74141== Command: /home/catC/de283294/projet_gradient/build/test_gradient
==74141== 
==74141== Handling new value --libm-noinst-rounding-mode=native for option --libm-noinst-rounding-mode=native
==74141== Handling new value --source=/home/catC/de283294/projet_gradient/dd.line/39cdd5b80cb20a1b877d435367e84f0e/dd.line.include for option --source
==74141== Loading list of included sources from `/home/catC/de283294/projet_gradient/dd.line/39cdd5b80cb20a1b877d435367e84f0e/dd.line.include'... OK.
==74141== Handling new value --warn-unknown-source=/home/catC/de283294/projet_gradient/dd.line/39cdd5b80cb20a1b877d435367e84f0e/dd.line.exclude for option --warn-unknown-source
==74141== Loading list of included sources from `/home/catC/de283294/projet_gradient/dd.line/39cdd5b80cb20a1b877d435367e84f0e/dd.line.exclude'... OK.
==74141== First seed : 641889
==74141== Backend verrou : 1.x-dev
==74141== Backend mcaquad : 1.x-dev
==74141== Backend checkcancellation : 1.x-dev
==74141== Backend check_float_max : 1.x-dev
==74141== Backend checkdenorm : 1.x-dev
==74141== Instrumented operations :
==74141== 	add : yes
==74141== 	sub : yes
==74141== 	mul : yes
==74141== 	div : yes
==74141== 	mAdd : yes
==74141== 	mSub : yes
==74141== 	sqrt : yes
==74141== 	cmp : no
==74141== 	conv : yes
==74141== 	max : no
==74141== 	min : no
==74141== Instrumented vectorized operations :
==74141== 	scal : no
==74141== 	llo  : yes
==74141== 	vec2  : yes
==74141== 	vec4  : yes
==74141== 	vec8  : yes
==74141== 	unk  : yes
==74141== Instrumented type :
==74141== 	flt : yes
==74141== 	dbl : yes
==74141== Frontend: double -> float
==74141== Backend verrou simulating NEAREST rounding mode
==74141== EXCLUDE DETECTED: /usr/lib/x86_64-linux-gnu/libm.so.6
==74141== EXCLUDE DETECTED: /usr/lib/x86_64-linux-gnu/libgcc_s.so.1
==74141== Using exclusion rule: *	/usr/lib/x86_64-linux-gnu/libm.so.6
==74141== Using exclusion rule: *	/usr/lib/x86_64-linux-gnu/libgcc_s.so.1
==74141== 
==74141==  ---------------------------------------------------------------------
==74141==  Operation                            Instruction count
==74141==   `- Precision
==74141==       `- Vectorization          Total             Instrumented
==74141==  ---------------------------------------------------------------------
==74141==  add                   154560                     1600          (  1%)
==74141==   `- dbl                   154560                     1600      (  1%)
==74141==       `- llo                   154560                     1600  (  1%)
==74141==  ---------------------------------------------------------------------
==74141==  sub                     2480                        0          (  0%)
==74141==   `- dbl                     2480                        0      (  0%)
==74141==       `- llo                     2480                        0  (  0%)
==74141==  ---------------------------------------------------------------------
==74141==  mul                   148000                     1600          (  1%)
==74141==   `- dbl                   148000                     1600      (  1%)
==74141==       `- llo                   148000                     1600  (  1%)
==74141==  ---------------------------------------------------------------------
==74141==  div                       20                        0          (  0%)
==74141==   `- dbl                       20                        0      (  0%)
==74141==       `- llo                       20                        0  (  0%)
==74141==  ---------------------------------------------------------------------
==74141==  cmp                      231                        0          (  0%)
==74141==   `- dbl                      231                        0      (  0%)
==74141==       `- scal                     231                        0  (  0%)
==74141==  ---------------------------------------------------------------------
==74141== For lists of detected and suppressed errors, rerun with: -s
==74141== ERROR SUMMARY: 0 errors from 0 contexts (suppressed: 0 from 0)
