3,82c3,82
< 0.670108731075782
< 0.886650102743412
< 0.223907392689683
< 0.887399023491003
< 0.0865560384717236
< 0.903883598660134
< 0.319263739156661
< 0.339931673649658
< 0.514086488310223
< 0.945039740437313
< 0.0722845530573347
< 0.332701014394423
< 0.846288336182231
< 0.376332670910763
< 0.205621359995104
< 0.411442685619262
< 0.339646634971252
< 0.908119403737534
< 0.771170291731172
< 0.487475835881752
< 0.952095483367411
< 0.475103584936355
< 0.0549235783132771
< 0.268960213509828
< 0.420214965967999
< 0.168840341316317
< 0.939056628053231
< 0.767686011187752
< 0.291705171191772
< 0.594329076453834
< 0.723177540493832
< 0.940511202063565
< 0.857299876398798
< 0.532816829429993
< 0.770122810870156
< 0.567584115998731
< 0.591310543691797
< 0.121929457366341
< 0.128213910551628
< 0.557756059494897
< 0.270855452004628
< 0.0219059956470551
< 0.715486201333215
< 0.0135349787252742
< 0.559464406995679
< 0.539660288057846
< 0.969671435262033
< 0.462088237289776
< 0.0731703358374096
< 0.544269226508383
< 0.849352358379594
< 1.00621675829766
< 0.407553949755172
< 0.314671795271502
< 0.879965618628223
< 0.211186375654126
< 0.61931626913271
< 0.399097590632581
< 0.0447852634072871
< 0.337440648871498
< 0.25940457906585
< 0.68638324575822
< 0.969178397960666
< 0.276604914819985
< 0.81738530318406
< 0.0183961163002456
< 0.547564735286268
< 0.0756450954885097
< 0.918383222117917
< 0.75229352500027
< 0.666072195459837
< 0.816948479931376
< 0.630967448721246
< 0.971897819259793
< 0.702455171302549
< 0.919898319301769
< 0.509970508112408
< 0.125723124575705
< 0.574732449727469
< 0.186305921981974
---
> 0.653680205345154
> 0.911353588104248
> 0.231671005487442
> 0.900461912155151
> 0.0934028029441833
> 0.897764205932617
> 0.324085533618927
> 0.352345556020737
> 0.532409489154816
> 0.939404904842377
> 0.0955332145094872
> 0.325691252946854
> 0.841775834560394
> 0.360634207725525
> 0.199560806155205
> 0.400178253650665
> 0.326992154121399
> 0.904479384422302
> 0.781960487365723
> 0.481222361326218
> 0.943173468112946
> 0.47623935341835
> 0.0637486726045609
> 0.271386712789536
> 0.414531767368317
> 0.184620663523674
> 0.936603903770447
> 0.779158592224121
> 0.310188382863998
> 0.591236114501953
> 0.732840776443481
> 0.939396023750305
> 0.85729444026947
> 0.544508218765259
> 0.772807896137238
> 0.564808547496796
> 0.603646337985992
> 0.121806621551514
> 0.130757138133049
> 0.559490442276001
> 0.268313527107239
> 0.0111650573089719
> 0.711511433124542
> 0.00500100664794445
> 0.55694979429245
> 0.540007591247559
> 0.952750623226166
> 0.470827728509903
> 0.0785499513149261
> 0.555787980556488
> 0.84859973192215
> 1.00086605548859
> 0.408267021179199
> 0.30021744966507
> 0.864198863506317
> 0.229590952396393
> 0.623825073242188
> 0.399969756603241
> 0.0534477904438972
> 0.328711748123169
> 0.261459231376648
> 0.682454705238342
> 0.978989601135254
> 0.274581521749496
> 0.802378177642822
> 0.00227993540465832
> 0.538521528244019
> 0.0847170874476433
> 0.903619706630707
> 0.741354823112488
> 0.653168082237244
> 0.817604303359985
> 0.627684473991394
> 0.96547544002533
> 0.69539874792099
> 0.916058659553528
> 0.513281881809235
> 0.128561198711395
> 0.56850928068161
> 0.208012342453003
