==74093== Verrou, Check floating-point rounding errors
==74093== Copyright (C) 2014-2019, EDF (F. Fevotte & B. Lathuiliere). 2019-2023, EDF (B. Lathuiliere). 2020-2021, TriScale innov (F. Fevotte)
==74093==  
==74093== Using Valgrind-3.23.0.verrou-2.6.0 and LibVEX; rerun with -h for copyright info
==74093== Command: /home/catC/de283294/projet_gradient/build/test_gradient
==74093== 
==74093== Handling new value --libm-noinst-rounding-mode=native for option --libm-noinst-rounding-mode=native
==74093== Handling new value --source=/home/catC/de283294/projet_gradient/dd.line/8936edbf0955fcd2eaf7aa9fe71487ef/dd.line.include for option --source
==74093== Loading list of included sources from `/home/catC/de283294/projet_gradient/dd.line/8936edbf0955fcd2eaf7aa9fe71487ef/dd.line.include'... OK.
==74093== Handling new value --warn-unknown-source=/home/catC/de283294/projet_gradient/dd.line/8936edbf0955fcd2eaf7aa9fe71487ef/dd.line.exclude for option --warn-unknown-source
==74093== Loading list of included sources from `/home/catC/de283294/projet_gradient/dd.line/8936edbf0955fcd2eaf7aa9fe71487ef/dd.line.exclude'... OK.
==74093== First seed : 619863
==74093== Backend verrou : 1.x-dev
==74093== Backend mcaquad : 1.x-dev
==74093== Backend checkcancellation : 1.x-dev
==74093== Backend check_float_max : 1.x-dev
==74093== Backend checkdenorm : 1.x-dev
==74093== Instrumented operations :
==74093== 	add : yes
==74093== 	sub : yes
==74093== 	mul : yes
==74093== 	div : yes
==74093== 	mAdd : yes
==74093== 	mSub : yes
==74093== 	sqrt : yes
==74093== 	cmp : no
==74093== 	conv : yes
==74093== 	max : no
==74093== 	min : no
==74093== Instrumented vectorized operations :
==74093== 	scal : no
==74093== 	llo  : yes
==74093== 	vec2  : yes
==74093== 	vec4  : yes
==74093== 	vec8  : yes
==74093== 	unk  : yes
==74093== Instrumented type :
==74093== 	flt : yes
==74093== 	dbl : yes
==74093== Frontend: double -> float
==74093== Backend verrou simulating NEAREST rounding mode
==74093== EXCLUDE DETECTED: /usr/lib/x86_64-linux-gnu/libm.so.6
==74093== EXCLUDE DETECTED: /usr/lib/x86_64-linux-gnu/libgcc_s.so.1
==74093== Using exclusion rule: *	/usr/lib/x86_64-linux-gnu/libm.so.6
==74093== Using exclusion rule: *	/usr/lib/x86_64-linux-gnu/libgcc_s.so.1
==74093== 
==74093==  ---------------------------------------------------------------------
==74093==  Operation                            Instruction count
==74093==   `- Precision
==74093==       `- Vectorization          Total             Instrumented
==74093==  ---------------------------------------------------------------------
==74093==  add                   154560                     4000          (  3%)
==74093==   `- dbl                   154560                     4000      (  3%)
==74093==       `- llo                   154560                     4000  (  3%)
==74093==  ---------------------------------------------------------------------
==74093==  sub                     2480                        0          (  0%)
==74093==   `- dbl                     2480                        0      (  0%)
==74093==       `- llo                     2480                        0  (  0%)
==74093==  ---------------------------------------------------------------------
==74093==  mul                   148000                     4000          (  3%)
==74093==   `- dbl                   148000                     4000      (  3%)
==74093==       `- llo                   148000                     4000  (  3%)
==74093==  ---------------------------------------------------------------------
==74093==  div                       20                       10          ( 50%)
==74093==   `- dbl                       20                       10      ( 50%)
==74093==       `- llo                       20                       10  ( 50%)
==74093==  ---------------------------------------------------------------------
==74093==  cmp                      231                        0          (  0%)
==74093==   `- dbl                      231                        0      (  0%)
==74093==       `- scal                     231                        0  (  0%)
==74093==  ---------------------------------------------------------------------
==74093== For lists of detected and suppressed errors, rerun with: -s
==74093== ERROR SUMMARY: 0 errors from 0 contexts (suppressed: 0 from 0)
