==74222== Verrou, Check floating-point rounding errors
==74222== Copyright (C) 2014-2019, EDF (F. Fevotte & B. Lathuiliere). 2019-2023, EDF (B. Lathuiliere). 2020-2021, TriScale innov (F. Fevotte)
==74222==  
==74222== Using Valgrind-3.23.0.verrou-2.6.0 and LibVEX; rerun with -h for copyright info
==74222== Command: /home/catC/de283294/projet_gradient/build/test_gradient
==74222== 
==74222== Handling new value --libm-noinst-rounding-mode=native for option --libm-noinst-rounding-mode=native
==74222== Handling new value --source=/home/catC/de283294/projet_gradient/dd.line/d88f890317460251de7c1cf7ae004977/dd.line.include for option --source
==74222== Loading list of included sources from `/home/catC/de283294/projet_gradient/dd.line/d88f890317460251de7c1cf7ae004977/dd.line.include'... OK.
==74222== Handling new value --warn-unknown-source=/home/catC/de283294/projet_gradient/dd.line/d88f890317460251de7c1cf7ae004977/dd.line.exclude for option --warn-unknown-source
==74222== Loading list of included sources from `/home/catC/de283294/projet_gradient/dd.line/d88f890317460251de7c1cf7ae004977/dd.line.exclude'... OK.
==74222== First seed : 837518
==74222== Backend verrou : 1.x-dev
==74222== Backend mcaquad : 1.x-dev
==74222== Backend checkcancellation : 1.x-dev
==74222== Backend check_float_max : 1.x-dev
==74222== Backend checkdenorm : 1.x-dev
==74222== Instrumented operations :
==74222== 	add : yes
==74222== 	sub : yes
==74222== 	mul : yes
==74222== 	div : yes
==74222== 	mAdd : yes
==74222== 	mSub : yes
==74222== 	sqrt : yes
==74222== 	cmp : no
==74222== 	conv : yes
==74222== 	max : no
==74222== 	min : no
==74222== Instrumented vectorized operations :
==74222== 	scal : no
==74222== 	llo  : yes
==74222== 	vec2  : yes
==74222== 	vec4  : yes
==74222== 	vec8  : yes
==74222== 	unk  : yes
==74222== Instrumented type :
==74222== 	flt : yes
==74222== 	dbl : yes
==74222== Frontend: double -> float
==74222== Backend verrou simulating NEAREST rounding mode
==74222== EXCLUDE DETECTED: /usr/lib/x86_64-linux-gnu/libm.so.6
==74222== EXCLUDE DETECTED: /usr/lib/x86_64-linux-gnu/libgcc_s.so.1
==74222== Using exclusion rule: *	/usr/lib/x86_64-linux-gnu/libm.so.6
==74222== Using exclusion rule: *	/usr/lib/x86_64-linux-gnu/libgcc_s.so.1
==74222== 
==74222==  ---------------------------------------------------------------------
==74222==  Operation                            Instruction count
==74222==   `- Precision
==74222==       `- Vectorization          Total             Instrumented
==74222==  ---------------------------------------------------------------------
==74222==  add                   154560                     8960          (  6%)
==74222==   `- dbl                   154560                     8960      (  6%)
==74222==       `- llo                   154560                     8960  (  6%)
==74222==  ---------------------------------------------------------------------
==74222==  sub                     2480                        0          (  0%)
==74222==   `- dbl                     2480                        0      (  0%)
==74222==       `- llo                     2480                        0  (  0%)
==74222==  ---------------------------------------------------------------------
==74222==  mul                   148000                     1600          (  1%)
==74222==   `- dbl                   148000                     1600      (  1%)
==74222==       `- llo                   148000                     1600  (  1%)
==74222==  ---------------------------------------------------------------------
==74222==  div                       20                        0          (  0%)
==74222==   `- dbl                       20                        0      (  0%)
==74222==       `- llo                       20                        0  (  0%)
==74222==  ---------------------------------------------------------------------
==74222==  cmp                      231                        0          (  0%)
==74222==   `- dbl                      231                        0      (  0%)
==74222==       `- scal                     231                        0  (  0%)
==74222==  ---------------------------------------------------------------------
==74222== For lists of detected and suppressed errors, rerun with: -s
==74222== ERROR SUMMARY: 0 errors from 0 contexts (suppressed: 0 from 0)
