==74127== Verrou, Check floating-point rounding errors
==74127== Copyright (C) 2014-2019, EDF (F. Fevotte & B. Lathuiliere). 2019-2023, EDF (B. Lathuiliere). 2020-2021, TriScale innov (F. Fevotte)
==74127==  
==74127== Using Valgrind-3.23.0.verrou-2.6.0 and LibVEX; rerun with -h for copyright info
==74127== Command: /home/catC/de283294/projet_gradient/build/test_gradient
==74127== 
==74127== Handling new value --libm-noinst-rounding-mode=native for option --libm-noinst-rounding-mode=native
==74127== Handling new value --source=/home/catC/de283294/projet_gradient/dd.line/9030a5f11acdb87f182d51c62a49ff06/dd.line.include for option --source
==74127== Loading list of included sources from `/home/catC/de283294/projet_gradient/dd.line/9030a5f11acdb87f182d51c62a49ff06/dd.line.include'... OK.
==74127== Handling new value --warn-unknown-source=/home/catC/de283294/projet_gradient/dd.line/9030a5f11acdb87f182d51c62a49ff06/dd.line.exclude for option --warn-unknown-source
==74127== Loading list of included sources from `/home/catC/de283294/projet_gradient/dd.line/9030a5f11acdb87f182d51c62a49ff06/dd.line.exclude'... OK.
==74127== First seed : 351813
==74127== Backend verrou : 1.x-dev
==74127== Backend mcaquad : 1.x-dev
==74127== Backend checkcancellation : 1.x-dev
==74127== Backend check_float_max : 1.x-dev
==74127== Backend checkdenorm : 1.x-dev
==74127== Instrumented operations :
==74127== 	add : yes
==74127== 	sub : yes
==74127== 	mul : yes
==74127== 	div : yes
==74127== 	mAdd : yes
==74127== 	mSub : yes
==74127== 	sqrt : yes
==74127== 	cmp : no
==74127== 	conv : yes
==74127== 	max : no
==74127== 	min : no
==74127== Instrumented vectorized operations :
==74127== 	scal : no
==74127== 	llo  : yes
==74127== 	vec2  : yes
==74127== 	vec4  : yes
==74127== 	vec8  : yes
==74127== 	unk  : yes
==74127== Instrumented type :
==74127== 	flt : yes
==74127== 	dbl : yes
==74127== Frontend: double -> float
==74127== Backend verrou simulating NEAREST rounding mode
==74127== EXCLUDE DETECTED: /usr/lib/x86_64-linux-gnu/libm.so.6
==74127== EXCLUDE DETECTED: /usr/lib/x86_64-linux-gnu/libgcc_s.so.1
==74127== Using exclusion rule: *	/usr/lib/x86_64-linux-gnu/libm.so.6
==74127== Using exclusion rule: *	/usr/lib/x86_64-linux-gnu/libgcc_s.so.1
==74127== 
==74127==  ---------------------------------------------------------------------
==74127==  Operation                            Instruction count
==74127==   `- Precision
==74127==       `- Vectorization          Total             Instrumented
==74127==  ---------------------------------------------------------------------
==74127==  add                   154560                     3200          (  2%)
==74127==   `- dbl                   154560                     3200      (  2%)
==74127==       `- llo                   154560                     3200  (  2%)
==74127==  ---------------------------------------------------------------------
==74127==  sub                     2480                        0          (  0%)
==74127==   `- dbl                     2480                        0      (  0%)
==74127==       `- llo                     2480                        0  (  0%)
==74127==  ---------------------------------------------------------------------
==74127==  mul                   148000                     4000          (  3%)
==74127==   `- dbl                   148000                     4000      (  3%)
==74127==       `- llo                   148000                     4000  (  3%)
==74127==  ---------------------------------------------------------------------
==74127==  div                       20                        0          (  0%)
==74127==   `- dbl                       20                        0      (  0%)
==74127==       `- llo                       20                        0  (  0%)
==74127==  ---------------------------------------------------------------------
==74127==  cmp                      231                        0          (  0%)
==74127==   `- dbl                      231                        0      (  0%)
==74127==       `- scal                     231                        0  (  0%)
==74127==  ---------------------------------------------------------------------
==74127== For lists of detected and suppressed errors, rerun with: -s
==74127== ERROR SUMMARY: 0 errors from 0 contexts (suppressed: 0 from 0)
