3,82c3,82
< 0.670108731075782
< 0.886650102743412
< 0.223907392689683
< 0.887399023491003
< 0.0865560384717236
< 0.903883598660134
< 0.319263739156661
< 0.339931673649658
< 0.514086488310223
< 0.945039740437313
< 0.0722845530573347
< 0.332701014394423
< 0.846288336182231
< 0.376332670910763
< 0.205621359995104
< 0.411442685619262
< 0.339646634971252
< 0.908119403737534
< 0.771170291731172
< 0.487475835881752
< 0.952095483367411
< 0.475103584936355
< 0.0549235783132771
< 0.268960213509828
< 0.420214965967999
< 0.168840341316317
< 0.939056628053231
< 0.767686011187752
< 0.291705171191772
< 0.594329076453834
< 0.723177540493832
< 0.940511202063565
< 0.857299876398798
< 0.532816829429993
< 0.770122810870156
< 0.567584115998731
< 0.591310543691797
< 0.121929457366341
< 0.128213910551628
< 0.557756059494897
< 0.270855452004628
< 0.0219059956470551
< 0.715486201333215
< 0.0135349787252742
< 0.559464406995679
< 0.539660288057846
< 0.969671435262033
< 0.462088237289776
< 0.0731703358374096
< 0.544269226508383
< 0.849352358379594
< 1.00621675829766
< 0.407553949755172
< 0.314671795271502
< 0.879965618628223
< 0.211186375654126
< 0.61931626913271
< 0.399097590632581
< 0.0447852634072871
< 0.337440648871498
< 0.25940457906585
< 0.68638324575822
< 0.969178397960666
< 0.276604914819985
< 0.81738530318406
< 0.0183961163002456
< 0.547564735286268
< 0.0756450954885097
< 0.918383222117917
< 0.75229352500027
< 0.666072195459837
< 0.816948479931376
< 0.630967448721246
< 0.971897819259793
< 0.702455171302549
< 0.919898319301769
< 0.509970508112408
< 0.125723124575705
< 0.574732449727469
< 0.186305921981974
---
> 0.653709088216675
> 0.911386415064497
> 0.231645297424374
> 0.900453399641664
> 0.0933929918867297
> 0.897813959911291
> 0.324069773077839
> 0.352394626439865
> 0.532412341876104
> 0.93939954728535
> 0.0956084927795
> 0.325744959733027
> 0.84177834552477
> 0.360619935735208
> 0.199568768653595
> 0.400177258057711
> 0.327034588100995
> 0.904441144752229
> 0.781904919730333
> 0.481213613791769
> 0.943200908436551
> 0.476221232143138
> 0.0637589652481344
> 0.271418710980839
> 0.414512743102024
> 0.184638152356808
> 0.936549852492484
> 0.779100458427047
> 0.310172522655567
> 0.591214080676195
> 0.732796863654411
> 0.939417574364402
> 0.857255046949514
> 0.54460211799248
> 0.772824991636855
> 0.564836601579589
> 0.603583714401129
> 0.121779192065162
> 0.130775921764659
> 0.559479313529388
> 0.268402131949532
> 0.011138413370827
> 0.711528345821747
> 0.00494269813732677
> 0.556966345417685
> 0.540019040048111
> 0.952758742688663
> 0.470874405200722
> 0.0784979735353332
> 0.555850969011839
> 0.848639805393549
> 1.00085673104474
> 0.408310698881925
> 0.300230845582396
> 0.864164830948812
> 0.229559437726954
> 0.623858311699426
> 0.400074106128306
> 0.0534279242306268
> 0.328665400644418
> 0.261423195323343
> 0.682527520984038
> 0.978964836652016
> 0.274518328970484
> 0.802420871438138
> 0.00227015047627019
> 0.538562587553393
> 0.084704384752385
> 0.903597067285828
> 0.741321066645829
> 0.653148323099746
> 0.817616768243616
> 0.627658560096387
> 0.965433552279022
> 0.695320965644666
> 0.916006473483177
> 0.513300825699468
> 0.128559011272265
> 0.568524450704364
> 0.207990102130541
