3,82c3,82
< 0.670108731075782
< 0.886650102743412
< 0.223907392689683
< 0.887399023491003
< 0.0865560384717236
< 0.903883598660134
< 0.319263739156661
< 0.339931673649658
< 0.514086488310223
< 0.945039740437313
< 0.0722845530573347
< 0.332701014394423
< 0.846288336182231
< 0.376332670910763
< 0.205621359995104
< 0.411442685619262
< 0.339646634971252
< 0.908119403737534
< 0.771170291731172
< 0.487475835881752
< 0.952095483367411
< 0.475103584936355
< 0.0549235783132771
< 0.268960213509828
< 0.420214965967999
< 0.168840341316317
< 0.939056628053231
< 0.767686011187752
< 0.291705171191772
< 0.594329076453834
< 0.723177540493832
< 0.940511202063565
< 0.857299876398798
< 0.532816829429993
< 0.770122810870156
< 0.567584115998731
< 0.591310543691797
< 0.121929457366341
< 0.128213910551628
< 0.557756059494897
< 0.270855452004628
< 0.0219059956470551
< 0.715486201333215
< 0.0135349787252742
< 0.559464406995679
< 0.539660288057846
< 0.969671435262033
< 0.462088237289776
< 0.0731703358374096
< 0.544269226508383
< 0.849352358379594
< 1.00621675829766
< 0.407553949755172
< 0.314671795271502
< 0.879965618628223
< 0.211186375654126
< 0.61931626913271
< 0.399097590632581
< 0.0447852634072871
< 0.337440648871498
< 0.25940457906585
< 0.68638324575822
< 0.969178397960666
< 0.276604914819985
< 0.81738530318406
< 0.0183961163002456
< 0.547564735286268
< 0.0756450954885097
< 0.918383222117917
< 0.75229352500027
< 0.666072195459837
< 0.816948479931376
< 0.630967448721246
< 0.971897819259793
< 0.702455171302549
< 0.919898319301769
< 0.509970508112408
< 0.125723124575705
< 0.574732449727469
< 0.186305921981974
---
> 0.651909649372101
> 0.913293659687042
> 0.23298391699791
> 0.901050329208374
> 0.0946730673313141
> 0.897486567497253
> 0.324343234300613
> 0.353766858577728
> 0.534320175647736
> 0.938646078109741
> 0.0970833599567413
> 0.326125174760818
> 0.840884864330292
> 0.360272943973541
> 0.200405091047287
> 0.400628298521042
> 0.327547490596771
> 0.904110252857208
> 0.781574904918671
> 0.48178493976593
> 0.942178070545197
> 0.477335095405579
> 0.0635089874267578
> 0.271046072244644
> 0.414996981620789
> 0.186901777982712
> 0.936204016208649
> 0.780085325241089
> 0.311055898666382
> 0.590926229953766
> 0.734055578708649
> 0.940839052200317
> 0.857371985912323
> 0.544968962669373
> 0.773800849914551
> 0.563734948635101
> 0.605564653873444
> 0.121685482561588
> 0.129963248968124
> 0.558569252490997
> 0.268368899822235
> 0.0113143138587475
> 0.711754620075226
> 0.00369269028306007
> 0.557144999504089
> 0.540389597415924
> 0.952009856700897
> 0.471909552812576
> 0.0793439447879791
> 0.556065440177917
> 0.849237024784088
> 0.998604357242584
> 0.408177733421326
> 0.300103008747101
> 0.863329291343689
> 0.23120804131031
> 0.624082386493683
> 0.401063233613968
> 0.0540061444044113
> 0.326975464820862
> 0.261612623929977
> 0.683083236217499
> 0.979950666427612
> 0.274337917566299
> 0.801257491111755
> 0.00183328241109848
> 0.537137806415558
> 0.086569108068943
> 0.90344512462616
> 0.740902423858643
> 0.651579856872559
> 0.818779766559601
> 0.626671135425568
> 0.965217888355255
> 0.69460117816925
> 0.915816903114319
> 0.514132857322693
> 0.129503801465034
> 0.569039821624756
> 0.210736587643623
