==74055== Verrou, Check floating-point rounding errors
==74055== Copyright (C) 2014-2019, EDF (F. Fevotte & B. Lathuiliere). 2019-2023, EDF (B. Lathuiliere). 2020-2021, TriScale innov (F. Fevotte)
==74055==  
==74055== Using Valgrind-3.23.0.verrou-2.6.0 and LibVEX; rerun with -h for copyright info
==74055== Command: /home/catC/de283294/projet_gradient/build/test_gradient
==74055== 
==74055== Handling new value --libm-noinst-rounding-mode=native for option --libm-noinst-rounding-mode=native
==74055== Handling new value --source=/home/catC/de283294/projet_gradient/dd.line/4f0423feba587ec2bc687bf764b02835/dd.line.include for option --source
==74055== Loading list of included sources from `/home/catC/de283294/projet_gradient/dd.line/4f0423feba587ec2bc687bf764b02835/dd.line.include'... OK.
==74055== Handling new value --warn-unknown-source=/home/catC/de283294/projet_gradient/dd.line/4f0423feba587ec2bc687bf764b02835/dd.line.exclude for option --warn-unknown-source
==74055== Loading list of included sources from `/home/catC/de283294/projet_gradient/dd.line/4f0423feba587ec2bc687bf764b02835/dd.line.exclude'... OK.
==74055== First seed : 921820
==74055== Backend verrou : 1.x-dev
==74055== Backend mcaquad : 1.x-dev
==74055== Backend checkcancellation : 1.x-dev
==74055== Backend check_float_max : 1.x-dev
==74055== Backend checkdenorm : 1.x-dev
==74055== Instrumented operations :
==74055== 	add : yes
==74055== 	sub : yes
==74055== 	mul : yes
==74055== 	div : yes
==74055== 	mAdd : yes
==74055== 	mSub : yes
==74055== 	sqrt : yes
==74055== 	cmp : no
==74055== 	conv : yes
==74055== 	max : no
==74055== 	min : no
==74055== Instrumented vectorized operations :
==74055== 	scal : no
==74055== 	llo  : yes
==74055== 	vec2  : yes
==74055== 	vec4  : yes
==74055== 	vec8  : yes
==74055== 	unk  : yes
==74055== Instrumented type :
==74055== 	flt : yes
==74055== 	dbl : yes
==74055== Frontend: double -> float
==74055== Backend verrou simulating NEAREST rounding mode
==74055== EXCLUDE DETECTED: /usr/lib/x86_64-linux-gnu/libm.so.6
==74055== EXCLUDE DETECTED: /usr/lib/x86_64-linux-gnu/libgcc_s.so.1
==74055== Using exclusion rule: *	/usr/lib/x86_64-linux-gnu/libm.so.6
==74055== Using exclusion rule: *	/usr/lib/x86_64-linux-gnu/libgcc_s.so.1
==74055== 
==74055==  ---------------------------------------------------------------------
==74055==  Operation                            Instruction count
==74055==   `- Precision
==74055==       `- Vectorization          Total             Instrumented
==74055==  ---------------------------------------------------------------------
==74055==  add                   154560                   154560          (100%)
==74055==   `- dbl                   154560                   154560      (100%)
==74055==       `- llo                   154560                   154560  (100%)
==74055==  ---------------------------------------------------------------------
==74055==  sub                     2480                     2480          (100%)
==74055==   `- dbl                     2480                     2480      (100%)
==74055==       `- llo                     2480                     2480  (100%)
==74055==  ---------------------------------------------------------------------
==74055==  mul                   148000                   148000          (100%)
==74055==   `- dbl                   148000                   148000      (100%)
==74055==       `- llo                   148000                   148000  (100%)
==74055==  ---------------------------------------------------------------------
==74055==  div                       20                       20          (100%)
==74055==   `- dbl                       20                       20      (100%)
==74055==       `- llo                       20                       20  (100%)
==74055==  ---------------------------------------------------------------------
==74055==  cmp                      231                        0          (  0%)
==74055==   `- dbl                      231                        0      (  0%)
==74055==       `- scal                     231                        0  (  0%)
==74055==  ---------------------------------------------------------------------
==74055== For lists of detected and suppressed errors, rerun with: -s
==74055== ERROR SUMMARY: 0 errors from 0 contexts (suppressed: 0 from 0)
