==74239== Verrou, Check floating-point rounding errors
==74239== Copyright (C) 2014-2019, EDF (F. Fevotte & B. Lathuiliere). 2019-2023, EDF (B. Lathuiliere). 2020-2021, TriScale innov (F. Fevotte)
==74239==  
==74239== Using Valgrind-3.23.0.verrou-2.6.0 and LibVEX; rerun with -h for copyright info
==74239== Command: /home/catC/de283294/projet_gradient/build/test_gradient
==74239== 
==74239== Handling new value --libm-noinst-rounding-mode=native for option --libm-noinst-rounding-mode=native
==74239== Handling new value --source=/home/catC/de283294/projet_gradient/dd.line/d88f890317460251de7c1cf7ae004977/dd.line.include for option --source
==74239== Loading list of included sources from `/home/catC/de283294/projet_gradient/dd.line/d88f890317460251de7c1cf7ae004977/dd.line.include'... OK.
==74239== Handling new value --warn-unknown-source=/home/catC/de283294/projet_gradient/dd.line/d88f890317460251de7c1cf7ae004977/dd.line.exclude for option --warn-unknown-source
==74239== Loading list of included sources from `/home/catC/de283294/projet_gradient/dd.line/d88f890317460251de7c1cf7ae004977/dd.line.exclude'... OK.
==74239== First seed : 970757
==74239== Backend verrou : 1.x-dev
==74239== Backend mcaquad : 1.x-dev
==74239== Backend checkcancellation : 1.x-dev
==74239== Backend check_float_max : 1.x-dev
==74239== Backend checkdenorm : 1.x-dev
==74239== Instrumented operations :
==74239== 	add : yes
==74239== 	sub : yes
==74239== 	mul : yes
==74239== 	div : yes
==74239== 	mAdd : yes
==74239== 	mSub : yes
==74239== 	sqrt : yes
==74239== 	cmp : no
==74239== 	conv : yes
==74239== 	max : no
==74239== 	min : no
==74239== Instrumented vectorized operations :
==74239== 	scal : no
==74239== 	llo  : yes
==74239== 	vec2  : yes
==74239== 	vec4  : yes
==74239== 	vec8  : yes
==74239== 	unk  : yes
==74239== Instrumented type :
==74239== 	flt : yes
==74239== 	dbl : yes
==74239== Frontend: double -> float
==74239== Backend verrou simulating NEAREST rounding mode
==74239== EXCLUDE DETECTED: /usr/lib/x86_64-linux-gnu/libm.so.6
==74239== EXCLUDE DETECTED: /usr/lib/x86_64-linux-gnu/libgcc_s.so.1
==74239== Using exclusion rule: *	/usr/lib/x86_64-linux-gnu/libm.so.6
==74239== Using exclusion rule: *	/usr/lib/x86_64-linux-gnu/libgcc_s.so.1
==74239== 
==74239==  ---------------------------------------------------------------------
==74239==  Operation                            Instruction count
==74239==   `- Precision
==74239==       `- Vectorization          Total             Instrumented
==74239==  ---------------------------------------------------------------------
==74239==  add                   154560                     8960          (  6%)
==74239==   `- dbl                   154560                     8960      (  6%)
==74239==       `- llo                   154560                     8960  (  6%)
==74239==  ---------------------------------------------------------------------
==74239==  sub                     2480                        0          (  0%)
==74239==   `- dbl                     2480                        0      (  0%)
==74239==       `- llo                     2480                        0  (  0%)
==74239==  ---------------------------------------------------------------------
==74239==  mul                   148000                     1600          (  1%)
==74239==   `- dbl                   148000                     1600      (  1%)
==74239==       `- llo                   148000                     1600  (  1%)
==74239==  ---------------------------------------------------------------------
==74239==  div                       20                        0          (  0%)
==74239==   `- dbl                       20                        0      (  0%)
==74239==       `- llo                       20                        0  (  0%)
==74239==  ---------------------------------------------------------------------
==74239==  cmp                      231                        0          (  0%)
==74239==   `- dbl                      231                        0      (  0%)
==74239==       `- scal                     231                        0  (  0%)
==74239==  ---------------------------------------------------------------------
==74239== For lists of detected and suppressed errors, rerun with: -s
==74239== ERROR SUMMARY: 0 errors from 0 contexts (suppressed: 0 from 0)
