3,82c3,82
< 0.670108731075782
< 0.886650102743412
< 0.223907392689683
< 0.887399023491003
< 0.0865560384717236
< 0.903883598660134
< 0.319263739156661
< 0.339931673649658
< 0.514086488310223
< 0.945039740437313
< 0.0722845530573347
< 0.332701014394423
< 0.846288336182231
< 0.376332670910763
< 0.205621359995104
< 0.411442685619262
< 0.339646634971252
< 0.908119403737534
< 0.771170291731172
< 0.487475835881752
< 0.952095483367411
< 0.475103584936355
< 0.0549235783132771
< 0.268960213509828
< 0.420214965967999
< 0.168840341316317
< 0.939056628053231
< 0.767686011187752
< 0.291705171191772
< 0.594329076453834
< 0.723177540493832
< 0.940511202063565
< 0.857299876398798
< 0.532816829429993
< 0.770122810870156
< 0.567584115998731
< 0.591310543691797
< 0.121929457366341
< 0.128213910551628
< 0.557756059494897
< 0.270855452004628
< 0.0219059956470551
< 0.715486201333215
< 0.0135349787252742
< 0.559464406995679
< 0.539660288057846
< 0.969671435262033
< 0.462088237289776
< 0.0731703358374096
< 0.544269226508383
< 0.849352358379594
< 1.00621675829766
< 0.407553949755172
< 0.314671795271502
< 0.879965618628223
< 0.211186375654126
< 0.61931626913271
< 0.399097590632581
< 0.0447852634072871
< 0.337440648871498
< 0.25940457906585
< 0.68638324575822
< 0.969178397960666
< 0.276604914819985
< 0.81738530318406
< 0.0183961163002456
< 0.547564735286268
< 0.0756450954885097
< 0.918383222117917
< 0.75229352500027
< 0.666072195459837
< 0.816948479931376
< 0.630967448721246
< 0.971897819259793
< 0.702455171302549
< 0.919898319301769
< 0.509970508112408
< 0.125723124575705
< 0.574732449727469
< 0.186305921981974
---
> 0.653689403572673
> 0.911344530572624
> 0.231672117900409
> 0.900467425554402
> 0.0934053576966197
> 0.897794906035937
> 0.324097873285903
> 0.352364399132439
> 0.532427440307648
> 0.939401164187004
> 0.0955602476048141
> 0.32570561899544
> 0.841785637068295
> 0.360656246381257
> 0.199568502408189
> 0.400189416254216
> 0.327007329210543
> 0.904486835566364
> 0.781963292932739
> 0.481237091444677
> 0.943184922661833
> 0.476238852706103
> 0.0637613962823168
> 0.27139188203504
> 0.414565796885153
> 0.184643223684909
> 0.936614444844508
> 0.779168505247622
> 0.310185589505569
> 0.591242721618409
> 0.732858628795924
> 0.939391046908922
> 0.85731390238007
> 0.544516624913184
> 0.77281892371746
> 0.564826791067012
> 0.60364552732116
> 0.121826339745335
> 0.1307670184512
> 0.559494101108252
> 0.268322325371342
> 0.0111638988508945
> 0.71151514338379
> 0.00500685465723837
> 0.556962207460183
> 0.540012758097659
> 0.952771695790297
> 0.470844136793015
> 0.0785413078254966
> 0.555797365158942
> 0.848628235878962
> 1.00087346015511
> 0.408294582131648
> 0.300227118768942
> 0.86420855742392
> 0.229610560281845
> 0.623846666011874
> 0.399988859663441
> 0.0534513618223158
> 0.328713022335788
> 0.261461031163643
> 0.682464752165303
> 0.979003561511675
> 0.274581511707757
> 0.80239160673569
> 0.00230032043926648
> 0.538526532407385
> 0.0847212120508982
> 0.903624419066628
> 0.741370894066645
> 0.653180392931378
> 0.817628545147607
> 0.627701258374043
> 0.965477802078433
> 0.695406881027532
> 0.916074550689107
> 0.513296911015397
> 0.128568034307868
> 0.568526386453575
> 0.208016261236515
