==74183== Verrou, Check floating-point rounding errors
==74183== Copyright (C) 2014-2019, EDF (F. Fevotte & B. Lathuiliere). 2019-2023, EDF (B. Lathuiliere). 2020-2021, TriScale innov (F. Fevotte)
==74183==  
==74183== Using Valgrind-3.23.0.verrou-2.6.0 and LibVEX; rerun with -h for copyright info
==74183== Command: /home/catC/de283294/projet_gradient/build/test_gradient
==74183== 
==74183== Handling new value --libm-noinst-rounding-mode=native for option --libm-noinst-rounding-mode=native
==74183== Handling new value --source=/home/catC/de283294/projet_gradient/dd.line/10b06e2d6947739067de8c12596848e3/dd.line.include for option --source
==74183== Loading list of included sources from `/home/catC/de283294/projet_gradient/dd.line/10b06e2d6947739067de8c12596848e3/dd.line.include'... OK.
==74183== Handling new value --warn-unknown-source=/home/catC/de283294/projet_gradient/dd.line/10b06e2d6947739067de8c12596848e3/dd.line.exclude for option --warn-unknown-source
==74183== Loading list of included sources from `/home/catC/de283294/projet_gradient/dd.line/10b06e2d6947739067de8c12596848e3/dd.line.exclude'... OK.
==74183== First seed : 678235
==74183== Backend verrou : 1.x-dev
==74183== Backend mcaquad : 1.x-dev
==74183== Backend checkcancellation : 1.x-dev
==74183== Backend check_float_max : 1.x-dev
==74183== Backend checkdenorm : 1.x-dev
==74183== Instrumented operations :
==74183== 	add : yes
==74183== 	sub : yes
==74183== 	mul : yes
==74183== 	div : yes
==74183== 	mAdd : yes
==74183== 	mSub : yes
==74183== 	sqrt : yes
==74183== 	cmp : no
==74183== 	conv : yes
==74183== 	max : no
==74183== 	min : no
==74183== Instrumented vectorized operations :
==74183== 	scal : no
==74183== 	llo  : yes
==74183== 	vec2  : yes
==74183== 	vec4  : yes
==74183== 	vec8  : yes
==74183== 	unk  : yes
==74183== Instrumented type :
==74183== 	flt : yes
==74183== 	dbl : yes
==74183== Frontend: double -> float
==74183== Backend verrou simulating NEAREST rounding mode
==74183== EXCLUDE DETECTED: /usr/lib/x86_64-linux-gnu/libm.so.6
==74183== EXCLUDE DETECTED: /usr/lib/x86_64-linux-gnu/libgcc_s.so.1
==74183== Using exclusion rule: *	/usr/lib/x86_64-linux-gnu/libm.so.6
==74183== Using exclusion rule: *	/usr/lib/x86_64-linux-gnu/libgcc_s.so.1
==74183== 
==74183==  ---------------------------------------------------------------------
==74183==  Operation                            Instruction count
==74183==   `- Precision
==74183==       `- Vectorization          Total             Instrumented
==74183==  ---------------------------------------------------------------------
==74183==  add                   154560                     3200          (  2%)
==74183==   `- dbl                   154560                     3200      (  2%)
==74183==       `- llo                   154560                     3200  (  2%)
==74183==  ---------------------------------------------------------------------
==74183==  sub                     2480                        0          (  0%)
==74183==   `- dbl                     2480                        0      (  0%)
==74183==       `- llo                     2480                        0  (  0%)
==74183==  ---------------------------------------------------------------------
==74183==  mul                   148000                     3200          (  2%)
==74183==   `- dbl                   148000                     3200      (  2%)
==74183==       `- llo                   148000                     3200  (  2%)
==74183==  ---------------------------------------------------------------------
==74183==  div                       20                        0          (  0%)
==74183==   `- dbl                       20                        0      (  0%)
==74183==       `- llo                       20                        0  (  0%)
==74183==  ---------------------------------------------------------------------
==74183==  cmp                      231                        0          (  0%)
==74183==   `- dbl                      231                        0      (  0%)
==74183==       `- scal                     231                        0  (  0%)
==74183==  ---------------------------------------------------------------------
==74183== For lists of detected and suppressed errors, rerun with: -s
==74183== ERROR SUMMARY: 0 errors from 0 contexts (suppressed: 0 from 0)
