3,82c3,82
< 0.670108731075782
< 0.886650102743412
< 0.223907392689683
< 0.887399023491003
< 0.0865560384717236
< 0.903883598660134
< 0.319263739156661
< 0.339931673649658
< 0.514086488310223
< 0.945039740437313
< 0.0722845530573347
< 0.332701014394423
< 0.846288336182231
< 0.376332670910763
< 0.205621359995104
< 0.411442685619262
< 0.339646634971252
< 0.908119403737534
< 0.771170291731172
< 0.487475835881752
< 0.952095483367411
< 0.475103584936355
< 0.0549235783132771
< 0.268960213509828
< 0.420214965967999
< 0.168840341316317
< 0.939056628053231
< 0.767686011187752
< 0.291705171191772
< 0.594329076453834
< 0.723177540493832
< 0.940511202063565
< 0.857299876398798
< 0.532816829429993
< 0.770122810870156
< 0.567584115998731
< 0.591310543691797
< 0.121929457366341
< 0.128213910551628
< 0.557756059494897
< 0.270855452004628
< 0.0219059956470551
< 0.715486201333215
< 0.0135349787252742
< 0.559464406995679
< 0.539660288057846
< 0.969671435262033
< 0.462088237289776
< 0.0731703358374096
< 0.544269226508383
< 0.849352358379594
< 1.00621675829766
< 0.407553949755172
< 0.314671795271502
< 0.879965618628223
< 0.211186375654126
< 0.61931626913271
< 0.399097590632581
< 0.0447852634072871
< 0.337440648871498
< 0.25940457906585
< 0.68638324575822
< 0.969178397960666
< 0.276604914819985
< 0.81738530318406
< 0.0183961163002456
< 0.547564735286268
< 0.0756450954885097
< 0.918383222117917
< 0.75229352500027
< 0.666072195459837
< 0.816948479931376
< 0.630967448721246
< 0.971897819259793
< 0.702455171302549
< 0.919898319301769
< 0.509970508112408
< 0.125723124575705
< 0.574732449727469
< 0.186305921981974
---
> 0.653686547592277
> 0.911333871734873
> 0.231662712126687
> 0.90045988569083
> 0.0933960141468026
> 0.897788161646484
> 0.324090543937295
> 0.352355018603804
> 0.532416053484178
> 0.939397024359049
> 0.0955516699332074
> 0.325697759248588
> 0.841780770348423
> 0.36064999737645
> 0.199560049705786
> 0.400182184637772
> 0.326999247196008
> 0.904481532301085
> 0.781957659460145
> 0.481229917134765
> 0.943180639833296
> 0.47622984265186
> 0.0637562883375119
> 0.271385628766615
> 0.414558043665252
> 0.184631583424565
> 0.936608147235913
> 0.77916038092328
> 0.310176796172789
> 0.591236196416972
> 0.732849929755874
> 0.939380719468836
> 0.85730649773042
> 0.544508552883493
> 0.772810348179886
> 0.564821896454911
> 0.603634851023761
> 0.121819621233969
> 0.130761733060488
> 0.559490103849989
> 0.268316066965385
> 0.0111569993270355
> 0.711507729697588
> 0.00500264070619494
> 0.556955109682055
> 0.540004537072645
> 0.952766713666966
> 0.470835477227578
> 0.0785329866052196
> 0.555790478325655
> 0.848620889521968
> 1.00087161853475
> 0.408288277129391
> 0.300221333210463
> 0.864203914314692
> 0.229600492120948
> 0.623840315246462
> 0.399980431417013
> 0.053443092309672
> 0.328709567710276
> 0.261454202368036
> 0.68245663689865
> 0.978994050080202
> 0.274575706232452
> 0.80238708999813
> 0.0022947385445472
> 0.538523593043465
> 0.0847106010931663
> 0.903617580080959
> 0.741364334334658
> 0.653177110108772
> 0.817618970000309
> 0.627696668282702
> 0.965471275930041
> 0.695401868734599
> 0.916067998338232
> 0.513288383506158
> 0.128559079253571
> 0.568518980901474
> 0.208003243838629
