==74174== Verrou, Check floating-point rounding errors
==74174== Copyright (C) 2014-2019, EDF (F. Fevotte & B. Lathuiliere). 2019-2023, EDF (B. Lathuiliere). 2020-2021, TriScale innov (F. Fevotte)
==74174==  
==74174== Using Valgrind-3.23.0.verrou-2.6.0 and LibVEX; rerun with -h for copyright info
==74174== Command: /home/catC/de283294/projet_gradient/build/test_gradient
==74174== 
==74174== Handling new value --libm-noinst-rounding-mode=native for option --libm-noinst-rounding-mode=native
==74174== Handling new value --source=/home/catC/de283294/projet_gradient/dd.line/2d972b6f60e3c45280ddfc3dd5eb429a/dd.line.include for option --source
==74174== Loading list of included sources from `/home/catC/de283294/projet_gradient/dd.line/2d972b6f60e3c45280ddfc3dd5eb429a/dd.line.include'... OK.
==74174== Handling new value --warn-unknown-source=/home/catC/de283294/projet_gradient/dd.line/2d972b6f60e3c45280ddfc3dd5eb429a/dd.line.exclude for option --warn-unknown-source
==74174== Loading list of included sources from `/home/catC/de283294/projet_gradient/dd.line/2d972b6f60e3c45280ddfc3dd5eb429a/dd.line.exclude'... OK.
==74174== First seed : 713335
==74174== Backend verrou : 1.x-dev
==74174== Backend mcaquad : 1.x-dev
==74174== Backend checkcancellation : 1.x-dev
==74174== Backend check_float_max : 1.x-dev
==74174== Backend checkdenorm : 1.x-dev
==74174== Instrumented operations :
==74174== 	add : yes
==74174== 	sub : yes
==74174== 	mul : yes
==74174== 	div : yes
==74174== 	mAdd : yes
==74174== 	mSub : yes
==74174== 	sqrt : yes
==74174== 	cmp : no
==74174== 	conv : yes
==74174== 	max : no
==74174== 	min : no
==74174== Instrumented vectorized operations :
==74174== 	scal : no
==74174== 	llo  : yes
==74174== 	vec2  : yes
==74174== 	vec4  : yes
==74174== 	vec8  : yes
==74174== 	unk  : yes
==74174== Instrumented type :
==74174== 	flt : yes
==74174== 	dbl : yes
==74174== Frontend: double -> float
==74174== Backend verrou simulating NEAREST rounding mode
==74174== EXCLUDE DETECTED: /usr/lib/x86_64-linux-gnu/libm.so.6
==74174== EXCLUDE DETECTED: /usr/lib/x86_64-linux-gnu/libgcc_s.so.1
==74174== Using exclusion rule: *	/usr/lib/x86_64-linux-gnu/libm.so.6
==74174== Using exclusion rule: *	/usr/lib/x86_64-linux-gnu/libgcc_s.so.1
==74174== 
==74174==  ---------------------------------------------------------------------
==74174==  Operation                            Instruction count
==74174==   `- Precision
==74174==       `- Vectorization          Total             Instrumented
==74174==  ---------------------------------------------------------------------
==74174==  add                   154560                     3200          (  2%)
==74174==   `- dbl                   154560                     3200      (  2%)
==74174==       `- llo                   154560                     3200  (  2%)
==74174==  ---------------------------------------------------------------------
==74174==  sub                     2480                        0          (  0%)
==74174==   `- dbl                     2480                        0      (  0%)
==74174==       `- llo                     2480                        0  (  0%)
==74174==  ---------------------------------------------------------------------
==74174==  mul                   148000                     3200          (  2%)
==74174==   `- dbl                   148000                     3200      (  2%)
==74174==       `- llo                   148000                     3200  (  2%)
==74174==  ---------------------------------------------------------------------
==74174==  div                       20                       10          ( 50%)
==74174==   `- dbl                       20                       10      ( 50%)
==74174==       `- llo                       20                       10  ( 50%)
==74174==  ---------------------------------------------------------------------
==74174==  cmp                      231                        0          (  0%)
==74174==   `- dbl                      231                        0      (  0%)
==74174==       `- scal                     231                        0  (  0%)
==74174==  ---------------------------------------------------------------------
==74174== For lists of detected and suppressed errors, rerun with: -s
==74174== ERROR SUMMARY: 0 errors from 0 contexts (suppressed: 0 from 0)
