3,82c3,82
< 0.670108731075782
< 0.886650102743412
< 0.223907392689683
< 0.887399023491003
< 0.0865560384717236
< 0.903883598660134
< 0.319263739156661
< 0.339931673649658
< 0.514086488310223
< 0.945039740437313
< 0.0722845530573347
< 0.332701014394423
< 0.846288336182231
< 0.376332670910763
< 0.205621359995104
< 0.411442685619262
< 0.339646634971252
< 0.908119403737534
< 0.771170291731172
< 0.487475835881752
< 0.952095483367411
< 0.475103584936355
< 0.0549235783132771
< 0.268960213509828
< 0.420214965967999
< 0.168840341316317
< 0.939056628053231
< 0.767686011187752
< 0.291705171191772
< 0.594329076453834
< 0.723177540493832
< 0.940511202063565
< 0.857299876398798
< 0.532816829429993
< 0.770122810870156
< 0.567584115998731
< 0.591310543691797
< 0.121929457366341
< 0.128213910551628
< 0.557756059494897
< 0.270855452004628
< 0.0219059956470551
< 0.715486201333215
< 0.0135349787252742
< 0.559464406995679
< 0.539660288057846
< 0.969671435262033
< 0.462088237289776
< 0.0731703358374096
< 0.544269226508383
< 0.849352358379594
< 1.00621675829766
< 0.407553949755172
< 0.314671795271502
< 0.879965618628223
< 0.211186375654126
< 0.61931626913271
< 0.399097590632581
< 0.0447852634072871
< 0.337440648871498
< 0.25940457906585
< 0.68638324575822
< 0.969178397960666
< 0.276604914819985
< 0.81738530318406
< 0.0183961163002456
< 0.547564735286268
< 0.0756450954885097
< 0.918383222117917
< 0.75229352500027
< 0.666072195459837
< 0.816948479931376
< 0.630967448721246
< 0.971897819259793
< 0.702455171302549
< 0.919898319301769
< 0.509970508112408
< 0.125723124575705
< 0.574732449727469
< 0.186305921981974
---
> 0.653680369665381
> 0.911353664298076
> 0.231670894019771
> 0.90046192787122
> 0.0934028015471995
> 0.89776432007784
> 0.324085470725549
> 0.352345581719419
> 0.532409408537205
> 0.939404847769765
> 0.0955332945613918
> 0.325691324789659
> 0.84177587472368
> 0.360634190270503
> 0.199560817796737
> 0.40017827381962
> 0.326992191403406
> 0.904479433142114
> 0.781960587119102
> 0.481222410919145
> 0.943173547449987
> 0.47623935440788
> 0.0637487061903812
> 0.271386696927948
> 0.414531804184662
> 0.184620671905577
> 0.936603854934219
> 0.779158456112782
> 0.310188412317075
> 0.591236128908349
> 0.732840864831815
> 0.939396089699585
> 0.857294665845984
> 0.544508377643069
> 0.772807867906522
> 0.564808513096068
> 0.603646267642034
> 0.121806660928996
> 0.130757186212577
> 0.55949051011703
> 0.268313628885153
> 0.011165144998813
> 0.711511610876187
> 0.00500093590562756
> 0.55694980872795
> 0.540007647858147
> 0.952750650787493
> 0.470827820550767
> 0.0785499354242347
> 0.555788041790947
> 0.84859984633249
> 1.00086612935411
> 0.408267107413849
> 0.30021764524281
> 0.8641988816089
> 0.229591022798559
> 0.623825077724177
> 0.399969706704724
> 0.0534478389890864
> 0.328711906106037
> 0.261459288434708
> 0.682454782770947
> 0.978989826828183
> 0.274581541540101
> 0.802378399355803
> 0.00228007436817279
> 0.53852160392853
> 0.084717092307983
> 0.903619801509194
> 0.741354924313782
> 0.653168194345199
> 0.817604343086714
> 0.627684586361283
> 0.965475412209344
> 0.695398773910711
> 0.916058638191316
> 0.513282092899317
> 0.128561354300473
> 0.568509414044456
> 0.208012338087428
