==74123== Verrou, Check floating-point rounding errors
==74123== Copyright (C) 2014-2019, EDF (F. Fevotte & B. Lathuiliere). 2019-2023, EDF (B. Lathuiliere). 2020-2021, TriScale innov (F. Fevotte)
==74123==  
==74123== Using Valgrind-3.23.0.verrou-2.6.0 and LibVEX; rerun with -h for copyright info
==74123== Command: /home/catC/de283294/projet_gradient/build/test_gradient
==74123== 
==74123== Handling new value --libm-noinst-rounding-mode=native for option --libm-noinst-rounding-mode=native
==74123== Handling new value --source=/home/catC/de283294/projet_gradient/dd.line/ba3a33698c2c0992bda6bb6c63364ae7/dd.line.include for option --source
==74123== Loading list of included sources from `/home/catC/de283294/projet_gradient/dd.line/ba3a33698c2c0992bda6bb6c63364ae7/dd.line.include'... OK.
==74123== Handling new value --warn-unknown-source=/home/catC/de283294/projet_gradient/dd.line/ba3a33698c2c0992bda6bb6c63364ae7/dd.line.exclude for option --warn-unknown-source
==74123== Loading list of included sources from `/home/catC/de283294/projet_gradient/dd.line/ba3a33698c2c0992bda6bb6c63364ae7/dd.line.exclude'... OK.
==74123== First seed : 789374
==74123== Backend verrou : 1.x-dev
==74123== Backend mcaquad : 1.x-dev
==74123== Backend checkcancellation : 1.x-dev
==74123== Backend check_float_max : 1.x-dev
==74123== Backend checkdenorm : 1.x-dev
==74123== Instrumented operations :
==74123== 	add : yes
==74123== 	sub : yes
==74123== 	mul : yes
==74123== 	div : yes
==74123== 	mAdd : yes
==74123== 	mSub : yes
==74123== 	sqrt : yes
==74123== 	cmp : no
==74123== 	conv : yes
==74123== 	max : no
==74123== 	min : no
==74123== Instrumented vectorized operations :
==74123== 	scal : no
==74123== 	llo  : yes
==74123== 	vec2  : yes
==74123== 	vec4  : yes
==74123== 	vec8  : yes
==74123== 	unk  : yes
==74123== Instrumented type :
==74123== 	flt : yes
==74123== 	dbl : yes
==74123== Frontend: double -> float
==74123== Backend verrou simulating NEAREST rounding mode
==74123== EXCLUDE DETECTED: /usr/lib/x86_64-linux-gnu/libm.so.6
==74123== EXCLUDE DETECTED: /usr/lib/x86_64-linux-gnu/libgcc_s.so.1
==74123== Using exclusion rule: *	/usr/lib/x86_64-linux-gnu/libm.so.6
==74123== Using exclusion rule: *	/usr/lib/x86_64-linux-gnu/libgcc_s.so.1
==74123== 
==74123==  ---------------------------------------------------------------------
==74123==  Operation                            Instruction count
==74123==   `- Precision
==74123==       `- Vectorization          Total             Instrumented
==74123==  ---------------------------------------------------------------------
==74123==  add                   154560                      800          (  1%)
==74123==   `- dbl                   154560                      800      (  1%)
==74123==       `- llo                   154560                      800  (  1%)
==74123==  ---------------------------------------------------------------------
==74123==  sub                     2480                        0          (  0%)
==74123==   `- dbl                     2480                        0      (  0%)
==74123==       `- llo                     2480                        0  (  0%)
==74123==  ---------------------------------------------------------------------
==74123==  mul                   148000                        0          (  0%)
==74123==   `- dbl                   148000                        0      (  0%)
==74123==       `- llo                   148000                        0  (  0%)
==74123==  ---------------------------------------------------------------------
==74123==  div                       20                        0          (  0%)
==74123==   `- dbl                       20                        0      (  0%)
==74123==       `- llo                       20                        0  (  0%)
==74123==  ---------------------------------------------------------------------
==74123==  cmp                      231                        0          (  0%)
==74123==   `- dbl                      231                        0      (  0%)
==74123==       `- scal                     231                        0  (  0%)
==74123==  ---------------------------------------------------------------------
==74123== For lists of detected and suppressed errors, rerun with: -s
==74123== ERROR SUMMARY: 0 errors from 0 contexts (suppressed: 0 from 0)
