3,82c3,82
< 0.670108731075782
< 0.886650102743412
< 0.223907392689683
< 0.887399023491003
< 0.0865560384717236
< 0.903883598660134
< 0.319263739156661
< 0.339931673649658
< 0.514086488310223
< 0.945039740437313
< 0.0722845530573347
< 0.332701014394423
< 0.846288336182231
< 0.376332670910763
< 0.205621359995104
< 0.411442685619262
< 0.339646634971252
< 0.908119403737534
< 0.771170291731172
< 0.487475835881752
< 0.952095483367411
< 0.475103584936355
< 0.0549235783132771
< 0.268960213509828
< 0.420214965967999
< 0.168840341316317
< 0.939056628053231
< 0.767686011187752
< 0.291705171191772
< 0.594329076453834
< 0.723177540493832
< 0.940511202063565
< 0.857299876398798
< 0.532816829429993
< 0.770122810870156
< 0.567584115998731
< 0.591310543691797
< 0.121929457366341
< 0.128213910551628
< 0.557756059494897
< 0.270855452004628
< 0.0219059956470551
< 0.715486201333215
< 0.0135349787252742
< 0.559464406995679
< 0.539660288057846
< 0.969671435262033
< 0.462088237289776
< 0.0731703358374096
< 0.544269226508383
< 0.849352358379594
< 1.00621675829766
< 0.407553949755172
< 0.314671795271502
< 0.879965618628223
< 0.211186375654126
< 0.61931626913271
< 0.399097590632581
< 0.0447852634072871
< 0.337440648871498
< 0.25940457906585
< 0.68638324575822
< 0.969178397960666
< 0.276604914819985
< 0.81738530318406
< 0.0183961163002456
< 0.547564735286268
< 0.0756450954885097
< 0.918383222117917
< 0.75229352500027
< 0.666072195459837
< 0.816948479931376
< 0.630967448721246
< 0.971897819259793
< 0.702455171302549
< 0.919898319301769
< 0.509970508112408
< 0.125723124575705
< 0.574732449727469
< 0.186305921981974
---
> 0.655215690825058
> 0.908685319734645
> 0.23067599290381
> 0.898956005366858
> 0.0925208322368573
> 0.898270763691763
> 0.323388673403991
> 0.350957376781706
> 0.530345017860723
> 0.939811946870139
> 0.0930721658334828
> 0.326259878080369
> 0.842051391030484
> 0.36206938345
> 0.200018996463716
> 0.401164922349051
> 0.328144767568941
> 0.904651387908321
> 0.780627705142732
> 0.481685960254499
> 0.943947677751855
> 0.475923285596673
> 0.0627105383053947
> 0.270987993783123
> 0.414917802834564
> 0.182839066912662
> 0.936623632683239
> 0.777773102422923
> 0.308077920771313
> 0.591358078999918
> 0.731654306076901
> 0.939318524909949
> 0.857077924839125
> 0.543188188623158
> 0.772372334088082
> 0.564941557743392
> 0.602149446336501
> 0.121589283568122
> 0.130336250362986
> 0.559124742486765
> 0.268493002932953
> 0.0120642499005868
> 0.711742736855366
> 0.00563154358641356
> 0.557043843245975
> 0.539777937461
> 0.954314708706577
> 0.469794372847458
> 0.0777830568083439
> 0.554482275433744
> 0.848548665179962
> 1.00122147381405
> 0.408075857459078
> 0.301556325396541
> 0.865631311024827
> 0.227507088567636
> 0.623244529268799
> 0.399819315793159
> 0.0523662768104748
> 0.329365589670183
> 0.26103344392332
> 0.682755031208623
> 0.977763549137726
> 0.27456767621273
> 0.803785822803963
> 0.00375883638111247
> 0.539352031207627
> 0.0836161759199372
> 0.90491213483355
> 0.742258128100411
> 0.654308441788677
> 0.817369616910404
> 0.627824292052802
> 0.965924030646518
> 0.695866888342222
> 0.91620011214525
> 0.512798718549713
> 0.128084061021082
> 0.568998839646066
> 0.205584733834979
