==74199== Verrou, Check floating-point rounding errors
==74199== Copyright (C) 2014-2019, EDF (F. Fevotte & B. Lathuiliere). 2019-2023, EDF (B. Lathuiliere). 2020-2021, TriScale innov (F. Fevotte)
==74199==  
==74199== Using Valgrind-3.23.0.verrou-2.6.0 and LibVEX; rerun with -h for copyright info
==74199== Command: /home/catC/de283294/projet_gradient/build/test_gradient
==74199== 
==74199== Handling new value --libm-noinst-rounding-mode=native for option --libm-noinst-rounding-mode=native
==74199== Handling new value --source=/home/catC/de283294/projet_gradient/dd.line/1a0df37340be5dac6cc2ba2a2940bb88/dd.line.include for option --source
==74199== Loading list of included sources from `/home/catC/de283294/projet_gradient/dd.line/1a0df37340be5dac6cc2ba2a2940bb88/dd.line.include'... OK.
==74199== Handling new value --warn-unknown-source=/home/catC/de283294/projet_gradient/dd.line/1a0df37340be5dac6cc2ba2a2940bb88/dd.line.exclude for option --warn-unknown-source
==74199== Loading list of included sources from `/home/catC/de283294/projet_gradient/dd.line/1a0df37340be5dac6cc2ba2a2940bb88/dd.line.exclude'... OK.
==74199== First seed : 924603
==74199== Backend verrou : 1.x-dev
==74199== Backend mcaquad : 1.x-dev
==74199== Backend checkcancellation : 1.x-dev
==74199== Backend check_float_max : 1.x-dev
==74199== Backend checkdenorm : 1.x-dev
==74199== Instrumented operations :
==74199== 	add : yes
==74199== 	sub : yes
==74199== 	mul : yes
==74199== 	div : yes
==74199== 	mAdd : yes
==74199== 	mSub : yes
==74199== 	sqrt : yes
==74199== 	cmp : no
==74199== 	conv : yes
==74199== 	max : no
==74199== 	min : no
==74199== Instrumented vectorized operations :
==74199== 	scal : no
==74199== 	llo  : yes
==74199== 	vec2  : yes
==74199== 	vec4  : yes
==74199== 	vec8  : yes
==74199== 	unk  : yes
==74199== Instrumented type :
==74199== 	flt : yes
==74199== 	dbl : yes
==74199== Frontend: double -> float
==74199== Backend verrou simulating NEAREST rounding mode
==74199== EXCLUDE DETECTED: /usr/lib/x86_64-linux-gnu/libm.so.6
==74199== EXCLUDE DETECTED: /usr/lib/x86_64-linux-gnu/libgcc_s.so.1
==74199== Using exclusion rule: *	/usr/lib/x86_64-linux-gnu/libm.so.6
==74199== Using exclusion rule: *	/usr/lib/x86_64-linux-gnu/libgcc_s.so.1
==74199== 
==74199==  ---------------------------------------------------------------------
==74199==  Operation                            Instruction count
==74199==   `- Precision
==74199==       `- Vectorization          Total             Instrumented
==74199==  ---------------------------------------------------------------------
==74199==  add                   154560                   147360          ( 95%)
==74199==   `- dbl                   154560                   147360      ( 95%)
==74199==       `- llo                   154560                   147360  ( 95%)
==74199==  ---------------------------------------------------------------------
==74199==  sub                     2480                        0          (  0%)
==74199==   `- dbl                     2480                        0      (  0%)
==74199==       `- llo                     2480                        0  (  0%)
==74199==  ---------------------------------------------------------------------
==74199==  mul                   148000                   140800          ( 95%)
==74199==   `- dbl                   148000                   140800      ( 95%)
==74199==       `- llo                   148000                   140800  ( 95%)
==74199==  ---------------------------------------------------------------------
==74199==  div                       20                        0          (  0%)
==74199==   `- dbl                       20                        0      (  0%)
==74199==       `- llo                       20                        0  (  0%)
==74199==  ---------------------------------------------------------------------
==74199==  cmp                      231                        0          (  0%)
==74199==   `- dbl                      231                        0      (  0%)
==74199==       `- scal                     231                        0  (  0%)
==74199==  ---------------------------------------------------------------------
==74199== For lists of detected and suppressed errors, rerun with: -s
==74199== ERROR SUMMARY: 0 errors from 0 contexts (suppressed: 0 from 0)
