==74208== Verrou, Check floating-point rounding errors
==74208== Copyright (C) 2014-2019, EDF (F. Fevotte & B. Lathuiliere). 2019-2023, EDF (B. Lathuiliere). 2020-2021, TriScale innov (F. Fevotte)
==74208==  
==74208== Using Valgrind-3.23.0.verrou-2.6.0 and LibVEX; rerun with -h for copyright info
==74208== Command: /home/catC/de283294/projet_gradient/build/test_gradient
==74208== 
==74208== Handling new value --libm-noinst-rounding-mode=native for option --libm-noinst-rounding-mode=native
==74208== Handling new value --source=/home/catC/de283294/projet_gradient/dd.line/362a18c4ee4de287cd99a91b99956ea9/dd.line.include for option --source
==74208== Loading list of included sources from `/home/catC/de283294/projet_gradient/dd.line/362a18c4ee4de287cd99a91b99956ea9/dd.line.include'... OK.
==74208== Handling new value --warn-unknown-source=/home/catC/de283294/projet_gradient/dd.line/362a18c4ee4de287cd99a91b99956ea9/dd.line.exclude for option --warn-unknown-source
==74208== Loading list of included sources from `/home/catC/de283294/projet_gradient/dd.line/362a18c4ee4de287cd99a91b99956ea9/dd.line.exclude'... OK.
==74208== First seed : 705673
==74208== Backend verrou : 1.x-dev
==74208== Backend mcaquad : 1.x-dev
==74208== Backend checkcancellation : 1.x-dev
==74208== Backend check_float_max : 1.x-dev
==74208== Backend checkdenorm : 1.x-dev
==74208== Instrumented operations :
==74208== 	add : yes
==74208== 	sub : yes
==74208== 	mul : yes
==74208== 	div : yes
==74208== 	mAdd : yes
==74208== 	mSub : yes
==74208== 	sqrt : yes
==74208== 	cmp : no
==74208== 	conv : yes
==74208== 	max : no
==74208== 	min : no
==74208== Instrumented vectorized operations :
==74208== 	scal : no
==74208== 	llo  : yes
==74208== 	vec2  : yes
==74208== 	vec4  : yes
==74208== 	vec8  : yes
==74208== 	unk  : yes
==74208== Instrumented type :
==74208== 	flt : yes
==74208== 	dbl : yes
==74208== Frontend: double -> float
==74208== Backend verrou simulating NEAREST rounding mode
==74208== EXCLUDE DETECTED: /usr/lib/x86_64-linux-gnu/libm.so.6
==74208== EXCLUDE DETECTED: /usr/lib/x86_64-linux-gnu/libgcc_s.so.1
==74208== Using exclusion rule: *	/usr/lib/x86_64-linux-gnu/libm.so.6
==74208== Using exclusion rule: *	/usr/lib/x86_64-linux-gnu/libgcc_s.so.1
==74208== 
==74208==  ---------------------------------------------------------------------
==74208==  Operation                            Instruction count
==74208==   `- Precision
==74208==       `- Vectorization          Total             Instrumented
==74208==  ---------------------------------------------------------------------
==74208==  add                   154560                     6560          (  4%)
==74208==   `- dbl                   154560                     6560      (  4%)
==74208==       `- llo                   154560                     6560  (  4%)
==74208==  ---------------------------------------------------------------------
==74208==  sub                     2480                        0          (  0%)
==74208==   `- dbl                     2480                        0      (  0%)
==74208==       `- llo                     2480                        0  (  0%)
==74208==  ---------------------------------------------------------------------
==74208==  mul                   148000                        0          (  0%)
==74208==   `- dbl                   148000                        0      (  0%)
==74208==       `- llo                   148000                        0  (  0%)
==74208==  ---------------------------------------------------------------------
==74208==  div                       20                        0          (  0%)
==74208==   `- dbl                       20                        0      (  0%)
==74208==       `- llo                       20                        0  (  0%)
==74208==  ---------------------------------------------------------------------
==74208==  cmp                      231                        0          (  0%)
==74208==   `- dbl                      231                        0      (  0%)
==74208==       `- scal                     231                        0  (  0%)
==74208==  ---------------------------------------------------------------------
==74208== For lists of detected and suppressed errors, rerun with: -s
==74208== ERROR SUMMARY: 0 errors from 0 contexts (suppressed: 0 from 0)
